2025-08-09T22:50:22.299+04:00  INFO 6072 --- [gateway-service] [main] org.example.Main                         : Starting Main using Java 17.0.12 with PID 6072 (C:\Git\Aston Train\UserNotificationServiceSpringCloud\GatewayService\target\classes started by Admin in C:\Git\Aston Train\UserNotificationServiceSpringCloud\GatewayService)
2025-08-09T22:50:22.302+04:00  INFO 6072 --- [gateway-service] [main] org.example.Main                         : No active profile set, falling back to 1 default profile: "default"
2025-08-09T22:50:23.574+04:00  INFO 6072 --- [gateway-service] [main] o.s.cloud.context.scope.GenericScope     : BeanFactory id=5f00a626-2cf2-3c18-a13d-5c7405e44184
2025-08-09T22:50:24.365+04:00 DEBUG 6072 --- [gateway-service] [main] o.s.c.gateway.config.GatewayProperties   : Routes supplied from Gateway Properties: [RouteDefinition{id='user-service', predicates=[PredicateDefinition{name='Path', args={_genkey_0=/api/users/**}}], filters=[FilterDefinition{name='CircuitBreaker', args={_genkey_0=name=userCircuitBreaker, _genkey_1=fallbackUri=forward:/fallback/users}}, FilterDefinition{name='Retry', args={_genkey_0=3}}], uri=lb://USER-SERVICE, order=0, metadata={}, enabled=true}, RouteDefinition{id='notification-service', predicates=[PredicateDefinition{name='Path', args={_genkey_0=/api/notifications/**}}], filters=[FilterDefinition{name='CircuitBreaker', args={_genkey_0=name=notificationCircuitBreaker, _genkey_1=fallbackUri=forward:/fallback/notifications}}], uri=lb://NOTIFICATION-SERVICE, order=0, metadata={}, enabled=true}]
2025-08-09T22:50:24.672+04:00  INFO 6072 --- [gateway-service] [main] o.s.c.g.r.RouteDefinitionRouteLocator    : Loaded RoutePredicateFactory [After]
2025-08-09T22:50:24.673+04:00  INFO 6072 --- [gateway-service] [main] o.s.c.g.r.RouteDefinitionRouteLocator    : Loaded RoutePredicateFactory [Before]
2025-08-09T22:50:24.673+04:00  INFO 6072 --- [gateway-service] [main] o.s.c.g.r.RouteDefinitionRouteLocator    : Loaded RoutePredicateFactory [Between]
2025-08-09T22:50:24.673+04:00  INFO 6072 --- [gateway-service] [main] o.s.c.g.r.RouteDefinitionRouteLocator    : Loaded RoutePredicateFactory [Cookie]
2025-08-09T22:50:24.673+04:00  INFO 6072 --- [gateway-service] [main] o.s.c.g.r.RouteDefinitionRouteLocator    : Loaded RoutePredicateFactory [Header]
2025-08-09T22:50:24.673+04:00  INFO 6072 --- [gateway-service] [main] o.s.c.g.r.RouteDefinitionRouteLocator    : Loaded RoutePredicateFactory [Host]
2025-08-09T22:50:24.673+04:00  INFO 6072 --- [gateway-service] [main] o.s.c.g.r.RouteDefinitionRouteLocator    : Loaded RoutePredicateFactory [Method]
2025-08-09T22:50:24.673+04:00  INFO 6072 --- [gateway-service] [main] o.s.c.g.r.RouteDefinitionRouteLocator    : Loaded RoutePredicateFactory [Path]
2025-08-09T22:50:24.673+04:00  INFO 6072 --- [gateway-service] [main] o.s.c.g.r.RouteDefinitionRouteLocator    : Loaded RoutePredicateFactory [Query]
2025-08-09T22:50:24.674+04:00  INFO 6072 --- [gateway-service] [main] o.s.c.g.r.RouteDefinitionRouteLocator    : Loaded RoutePredicateFactory [ReadBody]
2025-08-09T22:50:24.674+04:00  INFO 6072 --- [gateway-service] [main] o.s.c.g.r.RouteDefinitionRouteLocator    : Loaded RoutePredicateFactory [RemoteAddr]
2025-08-09T22:50:24.674+04:00  INFO 6072 --- [gateway-service] [main] o.s.c.g.r.RouteDefinitionRouteLocator    : Loaded RoutePredicateFactory [XForwardedRemoteAddr]
2025-08-09T22:50:24.674+04:00  INFO 6072 --- [gateway-service] [main] o.s.c.g.r.RouteDefinitionRouteLocator    : Loaded RoutePredicateFactory [Weight]
2025-08-09T22:50:24.674+04:00  INFO 6072 --- [gateway-service] [main] o.s.c.g.r.RouteDefinitionRouteLocator    : Loaded RoutePredicateFactory [CloudFoundryRouteService]
2025-08-09T22:50:25.089+04:00  INFO 6072 --- [gateway-service] [main] DiscoveryClientOptionalArgsConfiguration : Eureka HTTP Client uses RestTemplate.
2025-08-09T22:50:25.175+04:00  WARN 6072 --- [gateway-service] [main] iguration$LoadBalancerCaffeineWarnLogger : Spring Cloud LoadBalancer is currently working with the default cache. While this cache implementation is useful for development and tests, it's recommended to use Caffeine cache in production.You can switch to using Caffeine cache, by adding it and org.springframework.cache.caffeine.CaffeineCacheManager to the classpath.
2025-08-09T22:50:25.217+04:00  INFO 6072 --- [gateway-service] [main] o.s.c.n.eureka.InstanceInfoFactory       : Setting initial instance status as: STARTING
2025-08-09T22:50:25.243+04:00  INFO 6072 --- [gateway-service] [main] com.netflix.discovery.DiscoveryClient    : Initializing Eureka in region us-east-1
2025-08-09T22:50:25.248+04:00  INFO 6072 --- [gateway-service] [main] c.n.d.s.r.aws.ConfigClusterResolver      : Resolving eureka endpoints via configuration
2025-08-09T22:50:25.261+04:00  INFO 6072 --- [gateway-service] [main] com.netflix.discovery.DiscoveryClient    : Disable delta property : false
2025-08-09T22:50:25.262+04:00  INFO 6072 --- [gateway-service] [main] com.netflix.discovery.DiscoveryClient    : Single vip registry refresh property : null
2025-08-09T22:50:25.262+04:00  INFO 6072 --- [gateway-service] [main] com.netflix.discovery.DiscoveryClient    : Force full registry fetch : false
2025-08-09T22:50:25.262+04:00  INFO 6072 --- [gateway-service] [main] com.netflix.discovery.DiscoveryClient    : Application is null : false
2025-08-09T22:50:25.262+04:00  INFO 6072 --- [gateway-service] [main] com.netflix.discovery.DiscoveryClient    : Registered Applications size is zero : true
2025-08-09T22:50:25.262+04:00  INFO 6072 --- [gateway-service] [main] com.netflix.discovery.DiscoveryClient    : Application version is -1: true
2025-08-09T22:50:25.262+04:00  INFO 6072 --- [gateway-service] [main] com.netflix.discovery.DiscoveryClient    : Getting all instance registry info from the eureka server
2025-08-09T22:50:25.681+04:00  INFO 6072 --- [gateway-service] [main] com.netflix.discovery.DiscoveryClient    : The response status is 200
2025-08-09T22:50:25.683+04:00  INFO 6072 --- [gateway-service] [main] com.netflix.discovery.DiscoveryClient    : Starting heartbeat executor: renew interval is: 30
2025-08-09T22:50:25.693+04:00  INFO 6072 --- [gateway-service] [main] c.n.discovery.InstanceInfoReplicator     : InstanceInfoReplicator onDemand update allowed rate per min is 4
2025-08-09T22:50:25.696+04:00  INFO 6072 --- [gateway-service] [main] com.netflix.discovery.DiscoveryClient    : Discovery Client initialized at timestamp 1754765425695 with initial instances count: 1
2025-08-09T22:50:25.699+04:00  INFO 6072 --- [gateway-service] [main] o.s.c.n.e.s.EurekaServiceRegistry        : Registering application GATEWAY-SERVICE with eureka with status UP
2025-08-09T22:50:25.699+04:00  INFO 6072 --- [gateway-service] [main] com.netflix.discovery.DiscoveryClient    : Saw local status change event StatusChangeEvent [timestamp=1754765425699, current=UP, previous=STARTING]
2025-08-09T22:50:25.702+04:00  INFO 6072 --- [gateway-service] [DiscoveryClient-InstanceInfoReplicator-%d] com.netflix.discovery.DiscoveryClient    : DiscoveryClient_GATEWAY-SERVICE/DESKTOP-74N4B4L:gateway-service:9090: registering service...
2025-08-09T22:50:25.730+04:00 DEBUG 6072 --- [gateway-service] [main] o.s.c.g.r.RouteDefinitionRouteLocator    : RouteDefinition user-service applying {_genkey_0=/api/users/**} to Path
2025-08-09T22:50:25.746+04:00  INFO 6072 --- [gateway-service] [DiscoveryClient-InstanceInfoReplicator-%d] com.netflix.discovery.DiscoveryClient    : DiscoveryClient_GATEWAY-SERVICE/DESKTOP-74N4B4L:gateway-service:9090 - registration status: 204
2025-08-09T22:50:25.749+04:00 DEBUG 6072 --- [gateway-service] [main] o.s.c.g.r.RouteDefinitionRouteLocator    : RouteDefinition user-service applying filter {_genkey_0=name=userCircuitBreaker, _genkey_1=fallbackUri=forward:/fallback/users} to CircuitBreaker
2025-08-09T22:50:25.764+04:00 DEBUG 6072 --- [gateway-service] [main] o.s.c.g.r.RouteDefinitionRouteLocator    : RouteDefinition user-service applying filter {_genkey_0=3} to Retry
2025-08-09T22:50:25.781+04:00 DEBUG 6072 --- [gateway-service] [main] o.s.c.g.r.RouteDefinitionRouteLocator    : RouteDefinition matched: user-service
2025-08-09T22:50:25.782+04:00 DEBUG 6072 --- [gateway-service] [main] o.s.c.g.r.RouteDefinitionRouteLocator    : RouteDefinition notification-service applying {_genkey_0=/api/notifications/**} to Path
2025-08-09T22:50:25.783+04:00 DEBUG 6072 --- [gateway-service] [main] o.s.c.g.r.RouteDefinitionRouteLocator    : RouteDefinition notification-service applying filter {_genkey_0=name=notificationCircuitBreaker, _genkey_1=fallbackUri=forward:/fallback/notifications} to CircuitBreaker
2025-08-09T22:50:25.784+04:00 DEBUG 6072 --- [gateway-service] [main] o.s.c.g.r.RouteDefinitionRouteLocator    : RouteDefinition matched: notification-service
2025-08-09T22:50:25.918+04:00  INFO 6072 --- [gateway-service] [main] o.s.b.web.embedded.netty.NettyWebServer  : Netty started on port 9090 (http)
2025-08-09T22:50:25.919+04:00  INFO 6072 --- [gateway-service] [main] .s.c.n.e.s.EurekaAutoServiceRegistration : Updating port to 9090
2025-08-09T22:50:26.033+04:00 DEBUG 6072 --- [gateway-service] [main] o.s.c.g.r.RouteDefinitionRouteLocator    : RouteDefinition user-service applying {_genkey_0=/api/users/**} to Path
2025-08-09T22:50:26.035+04:00 DEBUG 6072 --- [gateway-service] [main] o.s.c.g.r.RouteDefinitionRouteLocator    : RouteDefinition user-service applying filter {_genkey_0=name=userCircuitBreaker, _genkey_1=fallbackUri=forward:/fallback/users} to CircuitBreaker
2025-08-09T22:50:26.036+04:00 DEBUG 6072 --- [gateway-service] [main] o.s.c.g.r.RouteDefinitionRouteLocator    : RouteDefinition user-service applying filter {_genkey_0=3} to Retry
2025-08-09T22:50:26.037+04:00 DEBUG 6072 --- [gateway-service] [main] o.s.c.g.r.RouteDefinitionRouteLocator    : RouteDefinition matched: user-service
2025-08-09T22:50:26.038+04:00 DEBUG 6072 --- [gateway-service] [main] o.s.c.g.r.RouteDefinitionRouteLocator    : RouteDefinition notification-service applying {_genkey_0=/api/notifications/**} to Path
2025-08-09T22:50:26.038+04:00 DEBUG 6072 --- [gateway-service] [main] o.s.c.g.r.RouteDefinitionRouteLocator    : RouteDefinition notification-service applying filter {_genkey_0=name=notificationCircuitBreaker, _genkey_1=fallbackUri=forward:/fallback/notifications} to CircuitBreaker
2025-08-09T22:50:26.039+04:00 DEBUG 6072 --- [gateway-service] [main] o.s.c.g.r.RouteDefinitionRouteLocator    : RouteDefinition matched: notification-service
2025-08-09T22:50:26.048+04:00  INFO 6072 --- [gateway-service] [main] org.example.Main                         : Started Main in 4.357 seconds (process running for 4.889)
2025-08-09T22:50:26.052+04:00  WARN 6072 --- [gateway-service] [main] ServerWebfluxPropertiesMigrationListener : 
The use of configuration keys that have been renamed was found in the environment:

Property source 'Config resource 'class path resource [application.properties]' via location 'optional:classpath:/'':
	Key: spring.cloud.gateway.routes[0].id
		Line: 16
		Replacement: spring.cloud.gateway.server.webflux.routes[0].id
	Key: spring.cloud.gateway.routes[0].uri
		Line: 17
		Replacement: spring.cloud.gateway.server.webflux.routes[0].uri
	Key: spring.cloud.gateway.routes[0].predicates[0]
		Line: 18
		Replacement: spring.cloud.gateway.server.webflux.routes[0].predicates[0]
	Key: spring.cloud.gateway.routes[0].filters[0]
		Line: 19
		Replacement: spring.cloud.gateway.server.webflux.routes[0].filters[0]
	Key: spring.cloud.gateway.routes[0].filters[1]
		Line: 20
		Replacement: spring.cloud.gateway.server.webflux.routes[0].filters[1]
	Key: spring.cloud.gateway.routes[1].id
		Line: 23
		Replacement: spring.cloud.gateway.server.webflux.routes[1].id
	Key: spring.cloud.gateway.routes[1].uri
		Line: 24
		Replacement: spring.cloud.gateway.server.webflux.routes[1].uri
	Key: spring.cloud.gateway.routes[1].predicates[0]
		Line: 25
		Replacement: spring.cloud.gateway.server.webflux.routes[1].predicates[0]
	Key: spring.cloud.gateway.routes[1].filters[0]
		Line: 26
		Replacement: spring.cloud.gateway.server.webflux.routes[1].filters[0]


Each configuration key has been temporarily mapped to its replacement for your convenience. To silence this warning, please update your configuration to use the new keys.

2025-08-09T22:50:26.053+04:00  WARN 6072 --- [gateway-service] [main] o.s.b.c.p.m.PropertiesMigrationListener  : 
The use of configuration keys that have been renamed was found in the environment:

Property source 'Config resource 'class path resource [application.properties]' via location 'optional:classpath:/'':
	Key: spring.cloud.gateway.enabled
		Line: 11
		Replacement: spring.cloud.gateway.server.webflux.enabled
	Key: spring.cloud.gateway.httpclient.connect-timeout
		Line: 13
		Replacement: spring.cloud.gateway.server.webflux.httpclient.connect-timeout
	Key: spring.cloud.gateway.httpclient.response-timeout
		Line: 14
		Replacement: spring.cloud.gateway.server.webflux.httpclient.response-timeout


Each configuration key has been temporarily mapped to its replacement for your convenience. To silence this warning, please update your configuration to use the new keys.

2025-08-09T22:50:37.079+04:00 DEBUG 6072 --- [gateway-service] [reactor-http-nio-2] o.s.c.g.h.RoutePredicateHandlerMapping   : Route matched: user-service
2025-08-09T22:50:37.082+04:00 DEBUG 6072 --- [gateway-service] [reactor-http-nio-2] o.s.c.g.h.RoutePredicateHandlerMapping   : Mapping [Exchange: GET http://localhost:9090/api/users] to Route{id='user-service', uri=lb://USER-SERVICE, order=0, predicate=(RouteDefinitionRouteLocator$$Lambda$1173/0x0000029b476708a8 && Paths: [/api/users/**], match trailing slash: true), gatewayFilters=[[[SpringCloudCircuitBreakerResilience4JFilterFactory name = 'name=userCircuitBreaker', fallback = [null]], order = 1], [[Retry routeId = 'user-service', retries = 3, series = list[SERVER_ERROR], statuses = list[[empty]], methods = list[GET], exceptions = list[IOException, TimeoutException], backoff = [null], jitter = [null], timeout = [null]], order = 2]], metadata={}}
2025-08-09T22:50:37.082+04:00 DEBUG 6072 --- [gateway-service] [reactor-http-nio-2] o.s.c.g.h.RoutePredicateHandlerMapping   : [7b4a27ca-1] Mapped to org.springframework.cloud.gateway.handler.FilteringWebHandler@7ea71fc2
2025-08-09T22:50:37.082+04:00 DEBUG 6072 --- [gateway-service] [reactor-http-nio-2] o.s.c.g.handler.FilteringWebHandler      : Sorted gatewayFilterFactories: [[GatewayFilterAdapter{delegate=org.springframework.cloud.gateway.filter.RemoveCachedBodyFilter@7f0d8eff}, order = -2147483648], [GatewayFilterAdapter{delegate=org.springframework.cloud.gateway.filter.AdaptCachedBodyGlobalFilter@4b3a01d8}, order = -2147482648], [GatewayFilterAdapter{delegate=org.springframework.cloud.gateway.filter.NettyWriteResponseFilter@56cfe6be}, order = -1], [GatewayFilterAdapter{delegate=org.springframework.cloud.gateway.filter.ForwardPathFilter@2a99ca99}, order = 0], [[SpringCloudCircuitBreakerResilience4JFilterFactory name = 'name=userCircuitBreaker', fallback = [null]], order = 1], [[Retry routeId = 'user-service', retries = 3, series = list[SERVER_ERROR], statuses = list[[empty]], methods = list[GET], exceptions = list[IOException, TimeoutException], backoff = [null], jitter = [null], timeout = [null]], order = 2], [GatewayFilterAdapter{delegate=org.springframework.cloud.gateway.filter.RouteToRequestUrlFilter@149aa7b2}, order = 10000], [GatewayFilterAdapter{delegate=org.springframework.cloud.gateway.filter.ReactiveLoadBalancerClientFilter@11e71181}, order = 10150], [GatewayFilterAdapter{delegate=org.springframework.cloud.gateway.filter.LoadBalancerServiceInstanceCookieFilter@342beaf6}, order = 10151], [GatewayFilterAdapter{delegate=org.springframework.cloud.gateway.filter.WebsocketRoutingFilter@39f0c343}, order = 2147483646], [GatewayFilterAdapter{delegate=org.springframework.cloud.gateway.filter.NettyRoutingFilter@222acad}, order = 2147483647], [GatewayFilterAdapter{delegate=org.springframework.cloud.gateway.filter.ForwardRoutingFilter@3ca3648}, order = 2147483647]]
2025-08-09T22:50:37.161+04:00  WARN 6072 --- [gateway-service] [reactor-http-nio-2] o.s.c.l.core.RoundRobinLoadBalancer      : No servers available for service: USER-SERVICE
2025-08-09T22:50:38.744+04:00 DEBUG 6072 --- [gateway-service] [reactor-http-nio-2] o.s.c.g.h.RoutePredicateHandlerMapping   : Route matched: user-service
2025-08-09T22:50:38.745+04:00 DEBUG 6072 --- [gateway-service] [reactor-http-nio-2] o.s.c.g.h.RoutePredicateHandlerMapping   : Mapping [Exchange: GET http://localhost:9090/api/users] to Route{id='user-service', uri=lb://USER-SERVICE, order=0, predicate=(RouteDefinitionRouteLocator$$Lambda$1173/0x0000029b476708a8 && Paths: [/api/users/**], match trailing slash: true), gatewayFilters=[[[SpringCloudCircuitBreakerResilience4JFilterFactory name = 'name=userCircuitBreaker', fallback = [null]], order = 1], [[Retry routeId = 'user-service', retries = 3, series = list[SERVER_ERROR], statuses = list[[empty]], methods = list[GET], exceptions = list[IOException, TimeoutException], backoff = [null], jitter = [null], timeout = [null]], order = 2]], metadata={}}
2025-08-09T22:50:38.745+04:00 DEBUG 6072 --- [gateway-service] [reactor-http-nio-2] o.s.c.g.h.RoutePredicateHandlerMapping   : [7b4a27ca-2] Mapped to org.springframework.cloud.gateway.handler.FilteringWebHandler@7ea71fc2
2025-08-09T22:50:38.745+04:00 DEBUG 6072 --- [gateway-service] [reactor-http-nio-2] o.s.c.g.handler.FilteringWebHandler      : Sorted gatewayFilterFactories: [[GatewayFilterAdapter{delegate=org.springframework.cloud.gateway.filter.RemoveCachedBodyFilter@7f0d8eff}, order = -2147483648], [GatewayFilterAdapter{delegate=org.springframework.cloud.gateway.filter.AdaptCachedBodyGlobalFilter@4b3a01d8}, order = -2147482648], [GatewayFilterAdapter{delegate=org.springframework.cloud.gateway.filter.NettyWriteResponseFilter@56cfe6be}, order = -1], [GatewayFilterAdapter{delegate=org.springframework.cloud.gateway.filter.ForwardPathFilter@2a99ca99}, order = 0], [[SpringCloudCircuitBreakerResilience4JFilterFactory name = 'name=userCircuitBreaker', fallback = [null]], order = 1], [[Retry routeId = 'user-service', retries = 3, series = list[SERVER_ERROR], statuses = list[[empty]], methods = list[GET], exceptions = list[IOException, TimeoutException], backoff = [null], jitter = [null], timeout = [null]], order = 2], [GatewayFilterAdapter{delegate=org.springframework.cloud.gateway.filter.RouteToRequestUrlFilter@149aa7b2}, order = 10000], [GatewayFilterAdapter{delegate=org.springframework.cloud.gateway.filter.ReactiveLoadBalancerClientFilter@11e71181}, order = 10150], [GatewayFilterAdapter{delegate=org.springframework.cloud.gateway.filter.LoadBalancerServiceInstanceCookieFilter@342beaf6}, order = 10151], [GatewayFilterAdapter{delegate=org.springframework.cloud.gateway.filter.WebsocketRoutingFilter@39f0c343}, order = 2147483646], [GatewayFilterAdapter{delegate=org.springframework.cloud.gateway.filter.NettyRoutingFilter@222acad}, order = 2147483647], [GatewayFilterAdapter{delegate=org.springframework.cloud.gateway.filter.ForwardRoutingFilter@3ca3648}, order = 2147483647]]
2025-08-09T22:50:38.746+04:00  WARN 6072 --- [gateway-service] [reactor-http-nio-2] o.s.c.l.core.RoundRobinLoadBalancer      : No servers available for service: USER-SERVICE
2025-08-09T22:50:55.719+04:00 DEBUG 6072 --- [gateway-service] [DiscoveryClient-CacheRefreshExecutor-%d] o.s.c.g.r.RouteDefinitionRouteLocator    : RouteDefinition user-service applying {_genkey_0=/api/users/**} to Path
2025-08-09T22:50:55.721+04:00 DEBUG 6072 --- [gateway-service] [DiscoveryClient-CacheRefreshExecutor-%d] o.s.c.g.r.RouteDefinitionRouteLocator    : RouteDefinition user-service applying filter {_genkey_0=name=userCircuitBreaker, _genkey_1=fallbackUri=forward:/fallback/users} to CircuitBreaker
2025-08-09T22:50:55.721+04:00 DEBUG 6072 --- [gateway-service] [DiscoveryClient-CacheRefreshExecutor-%d] o.s.c.g.r.RouteDefinitionRouteLocator    : RouteDefinition user-service applying filter {_genkey_0=3} to Retry
2025-08-09T22:50:55.722+04:00 DEBUG 6072 --- [gateway-service] [DiscoveryClient-CacheRefreshExecutor-%d] o.s.c.g.r.RouteDefinitionRouteLocator    : RouteDefinition matched: user-service
2025-08-09T22:50:55.722+04:00 DEBUG 6072 --- [gateway-service] [DiscoveryClient-CacheRefreshExecutor-%d] o.s.c.g.r.RouteDefinitionRouteLocator    : RouteDefinition notification-service applying {_genkey_0=/api/notifications/**} to Path
2025-08-09T22:50:55.723+04:00 DEBUG 6072 --- [gateway-service] [DiscoveryClient-CacheRefreshExecutor-%d] o.s.c.g.r.RouteDefinitionRouteLocator    : RouteDefinition notification-service applying filter {_genkey_0=name=notificationCircuitBreaker, _genkey_1=fallbackUri=forward:/fallback/notifications} to CircuitBreaker
2025-08-09T22:50:55.723+04:00 DEBUG 6072 --- [gateway-service] [DiscoveryClient-CacheRefreshExecutor-%d] o.s.c.g.r.RouteDefinitionRouteLocator    : RouteDefinition matched: notification-service
2025-08-09T22:50:56.205+04:00 DEBUG 6072 --- [gateway-service] [reactor-http-nio-2] o.s.c.g.h.RoutePredicateHandlerMapping   : Route matched: user-service
2025-08-09T22:50:56.206+04:00 DEBUG 6072 --- [gateway-service] [reactor-http-nio-2] o.s.c.g.h.RoutePredicateHandlerMapping   : Mapping [Exchange: GET http://localhost:9090/api/users] to Route{id='user-service', uri=lb://USER-SERVICE, order=0, predicate=(RouteDefinitionRouteLocator$$Lambda$1173/0x0000029b476708a8 && Paths: [/api/users/**], match trailing slash: true), gatewayFilters=[[[SpringCloudCircuitBreakerResilience4JFilterFactory name = 'name=userCircuitBreaker', fallback = [null]], order = 1], [[Retry routeId = 'user-service', retries = 3, series = list[SERVER_ERROR], statuses = list[[empty]], methods = list[GET], exceptions = list[IOException, TimeoutException], backoff = [null], jitter = [null], timeout = [null]], order = 2]], metadata={}}
2025-08-09T22:50:56.206+04:00 DEBUG 6072 --- [gateway-service] [reactor-http-nio-2] o.s.c.g.h.RoutePredicateHandlerMapping   : [7b4a27ca-3] Mapped to org.springframework.cloud.gateway.handler.FilteringWebHandler@7ea71fc2
2025-08-09T22:50:56.206+04:00 DEBUG 6072 --- [gateway-service] [reactor-http-nio-2] o.s.c.g.handler.FilteringWebHandler      : Sorted gatewayFilterFactories: [[GatewayFilterAdapter{delegate=org.springframework.cloud.gateway.filter.RemoveCachedBodyFilter@7f0d8eff}, order = -2147483648], [GatewayFilterAdapter{delegate=org.springframework.cloud.gateway.filter.AdaptCachedBodyGlobalFilter@4b3a01d8}, order = -2147482648], [GatewayFilterAdapter{delegate=org.springframework.cloud.gateway.filter.NettyWriteResponseFilter@56cfe6be}, order = -1], [GatewayFilterAdapter{delegate=org.springframework.cloud.gateway.filter.ForwardPathFilter@2a99ca99}, order = 0], [[SpringCloudCircuitBreakerResilience4JFilterFactory name = 'name=userCircuitBreaker', fallback = [null]], order = 1], [[Retry routeId = 'user-service', retries = 3, series = list[SERVER_ERROR], statuses = list[[empty]], methods = list[GET], exceptions = list[IOException, TimeoutException], backoff = [null], jitter = [null], timeout = [null]], order = 2], [GatewayFilterAdapter{delegate=org.springframework.cloud.gateway.filter.RouteToRequestUrlFilter@149aa7b2}, order = 10000], [GatewayFilterAdapter{delegate=org.springframework.cloud.gateway.filter.ReactiveLoadBalancerClientFilter@11e71181}, order = 10150], [GatewayFilterAdapter{delegate=org.springframework.cloud.gateway.filter.LoadBalancerServiceInstanceCookieFilter@342beaf6}, order = 10151], [GatewayFilterAdapter{delegate=org.springframework.cloud.gateway.filter.WebsocketRoutingFilter@39f0c343}, order = 2147483646], [GatewayFilterAdapter{delegate=org.springframework.cloud.gateway.filter.NettyRoutingFilter@222acad}, order = 2147483647], [GatewayFilterAdapter{delegate=org.springframework.cloud.gateway.filter.ForwardRoutingFilter@3ca3648}, order = 2147483647]]
2025-08-09T22:50:56.301+04:00 DEBUG 6072 --- [gateway-service] [reactor-http-nio-2] r.netty.http.client.HttpClientConnect    : [2acc5d74-1, L:/127.0.0.1:57360 - R:localhost/127.0.0.1:8080] Handler is being applied: {uri=http://localhost:8080/api/users, method=GET}
2025-08-09T22:50:56.321+04:00 DEBUG 6072 --- [gateway-service] [reactor-http-nio-2] r.n.http.client.HttpClientOperations     : [2acc5d74-1, L:/127.0.0.1:57360 - R:localhost/127.0.0.1:8080] Received response (auto-read:false) : RESPONSE(decodeResult: success, version: HTTP/1.1)
HTTP/1.1 200 
Content-Type: <filtered>
Transfer-Encoding: <filtered>
Date: <filtered>
2025-08-09T22:50:56.333+04:00 DEBUG 6072 --- [gateway-service] [reactor-http-nio-2] r.n.http.client.HttpClientOperations     : [2acc5d74-1, L:/127.0.0.1:57360 - R:localhost/127.0.0.1:8080] Received last HTTP packet
2025-08-09T22:51:13.968+04:00 DEBUG 6072 --- [gateway-service] [reactor-http-nio-2] o.s.c.g.h.RoutePredicateHandlerMapping   : Route matched: user-service
2025-08-09T22:51:13.969+04:00 DEBUG 6072 --- [gateway-service] [reactor-http-nio-2] o.s.c.g.h.RoutePredicateHandlerMapping   : Mapping [Exchange: GET http://localhost:9090/api/users] to Route{id='user-service', uri=lb://USER-SERVICE, order=0, predicate=(RouteDefinitionRouteLocator$$Lambda$1173/0x0000029b476708a8 && Paths: [/api/users/**], match trailing slash: true), gatewayFilters=[[[SpringCloudCircuitBreakerResilience4JFilterFactory name = 'name=userCircuitBreaker', fallback = [null]], order = 1], [[Retry routeId = 'user-service', retries = 3, series = list[SERVER_ERROR], statuses = list[[empty]], methods = list[GET], exceptions = list[IOException, TimeoutException], backoff = [null], jitter = [null], timeout = [null]], order = 2]], metadata={}}
2025-08-09T22:51:13.969+04:00 DEBUG 6072 --- [gateway-service] [reactor-http-nio-2] o.s.c.g.h.RoutePredicateHandlerMapping   : [7b4a27ca-4] Mapped to org.springframework.cloud.gateway.handler.FilteringWebHandler@7ea71fc2
2025-08-09T22:51:13.969+04:00 DEBUG 6072 --- [gateway-service] [reactor-http-nio-2] o.s.c.g.handler.FilteringWebHandler      : Sorted gatewayFilterFactories: [[GatewayFilterAdapter{delegate=org.springframework.cloud.gateway.filter.RemoveCachedBodyFilter@7f0d8eff}, order = -2147483648], [GatewayFilterAdapter{delegate=org.springframework.cloud.gateway.filter.AdaptCachedBodyGlobalFilter@4b3a01d8}, order = -2147482648], [GatewayFilterAdapter{delegate=org.springframework.cloud.gateway.filter.NettyWriteResponseFilter@56cfe6be}, order = -1], [GatewayFilterAdapter{delegate=org.springframework.cloud.gateway.filter.ForwardPathFilter@2a99ca99}, order = 0], [[SpringCloudCircuitBreakerResilience4JFilterFactory name = 'name=userCircuitBreaker', fallback = [null]], order = 1], [[Retry routeId = 'user-service', retries = 3, series = list[SERVER_ERROR], statuses = list[[empty]], methods = list[GET], exceptions = list[IOException, TimeoutException], backoff = [null], jitter = [null], timeout = [null]], order = 2], [GatewayFilterAdapter{delegate=org.springframework.cloud.gateway.filter.RouteToRequestUrlFilter@149aa7b2}, order = 10000], [GatewayFilterAdapter{delegate=org.springframework.cloud.gateway.filter.ReactiveLoadBalancerClientFilter@11e71181}, order = 10150], [GatewayFilterAdapter{delegate=org.springframework.cloud.gateway.filter.LoadBalancerServiceInstanceCookieFilter@342beaf6}, order = 10151], [GatewayFilterAdapter{delegate=org.springframework.cloud.gateway.filter.WebsocketRoutingFilter@39f0c343}, order = 2147483646], [GatewayFilterAdapter{delegate=org.springframework.cloud.gateway.filter.NettyRoutingFilter@222acad}, order = 2147483647], [GatewayFilterAdapter{delegate=org.springframework.cloud.gateway.filter.ForwardRoutingFilter@3ca3648}, order = 2147483647]]
2025-08-09T22:51:13.980+04:00 ERROR 6072 --- [gateway-service] [reactor-http-nio-2] a.w.r.e.AbstractErrorWebExceptionHandler : [7b4a27ca-4]  500 Server Error for HTTP GET "/api/users"

io.netty.channel.AbstractChannel$AnnotatedConnectException: Connection refused: no further information: localhost/127.0.0.1:8080
	Suppressed: reactor.core.publisher.FluxOnAssembly$OnAssemblyException: 
Error has been observed at the following site(s):
	*__checkpoint ⇢ org.springframework.cloud.gateway.filter.WeightCalculatorWebFilter [DefaultWebFilterChain]
	*__checkpoint ⇢ HTTP GET "/api/users" [ExceptionHandlingWebHandler]
Original Stack Trace:
Caused by: java.net.ConnectException: Connection refused: no further information
	at java.base/sun.nio.ch.Net.pollConnect(Native Method) ~[na:na]
	at java.base/sun.nio.ch.Net.pollConnectNow(Net.java:672) ~[na:na]
	at java.base/sun.nio.ch.SocketChannelImpl.finishConnect(SocketChannelImpl.java:946) ~[na:na]
	at io.netty.channel.socket.nio.NioSocketChannel.doFinishConnect(NioSocketChannel.java:336) ~[netty-transport-4.1.122.Final.jar:4.1.122.Final]
	at io.netty.channel.nio.AbstractNioChannel$AbstractNioUnsafe.finishConnect(AbstractNioChannel.java:339) ~[netty-transport-4.1.122.Final.jar:4.1.122.Final]
	at io.netty.channel.nio.NioEventLoop.processSelectedKey(NioEventLoop.java:784) ~[netty-transport-4.1.122.Final.jar:4.1.122.Final]
	at io.netty.channel.nio.NioEventLoop.processSelectedKeysOptimized(NioEventLoop.java:732) ~[netty-transport-4.1.122.Final.jar:4.1.122.Final]
	at io.netty.channel.nio.NioEventLoop.processSelectedKeys(NioEventLoop.java:658) ~[netty-transport-4.1.122.Final.jar:4.1.122.Final]
	at io.netty.channel.nio.NioEventLoop.run(NioEventLoop.java:562) ~[netty-transport-4.1.122.Final.jar:4.1.122.Final]
	at io.netty.util.concurrent.SingleThreadEventExecutor$4.run(SingleThreadEventExecutor.java:998) ~[netty-common-4.1.122.Final.jar:4.1.122.Final]
	at io.netty.util.internal.ThreadExecutorMap$2.run(ThreadExecutorMap.java:74) ~[netty-common-4.1.122.Final.jar:4.1.122.Final]
	at io.netty.util.concurrent.FastThreadLocalRunnable.run(FastThreadLocalRunnable.java:30) ~[netty-common-4.1.122.Final.jar:4.1.122.Final]
	at java.base/java.lang.Thread.run(Thread.java:842) ~[na:na]

2025-08-09T22:51:16.680+04:00 DEBUG 6072 --- [gateway-service] [reactor-http-nio-2] o.s.c.g.h.RoutePredicateHandlerMapping   : Route matched: user-service
2025-08-09T22:51:16.680+04:00 DEBUG 6072 --- [gateway-service] [reactor-http-nio-2] o.s.c.g.h.RoutePredicateHandlerMapping   : Mapping [Exchange: GET http://localhost:9090/api/users] to Route{id='user-service', uri=lb://USER-SERVICE, order=0, predicate=(RouteDefinitionRouteLocator$$Lambda$1173/0x0000029b476708a8 && Paths: [/api/users/**], match trailing slash: true), gatewayFilters=[[[SpringCloudCircuitBreakerResilience4JFilterFactory name = 'name=userCircuitBreaker', fallback = [null]], order = 1], [[Retry routeId = 'user-service', retries = 3, series = list[SERVER_ERROR], statuses = list[[empty]], methods = list[GET], exceptions = list[IOException, TimeoutException], backoff = [null], jitter = [null], timeout = [null]], order = 2]], metadata={}}
2025-08-09T22:51:16.680+04:00 DEBUG 6072 --- [gateway-service] [reactor-http-nio-2] o.s.c.g.h.RoutePredicateHandlerMapping   : [7b4a27ca-5] Mapped to org.springframework.cloud.gateway.handler.FilteringWebHandler@7ea71fc2
2025-08-09T22:51:16.680+04:00 DEBUG 6072 --- [gateway-service] [reactor-http-nio-2] o.s.c.g.handler.FilteringWebHandler      : Sorted gatewayFilterFactories: [[GatewayFilterAdapter{delegate=org.springframework.cloud.gateway.filter.RemoveCachedBodyFilter@7f0d8eff}, order = -2147483648], [GatewayFilterAdapter{delegate=org.springframework.cloud.gateway.filter.AdaptCachedBodyGlobalFilter@4b3a01d8}, order = -2147482648], [GatewayFilterAdapter{delegate=org.springframework.cloud.gateway.filter.NettyWriteResponseFilter@56cfe6be}, order = -1], [GatewayFilterAdapter{delegate=org.springframework.cloud.gateway.filter.ForwardPathFilter@2a99ca99}, order = 0], [[SpringCloudCircuitBreakerResilience4JFilterFactory name = 'name=userCircuitBreaker', fallback = [null]], order = 1], [[Retry routeId = 'user-service', retries = 3, series = list[SERVER_ERROR], statuses = list[[empty]], methods = list[GET], exceptions = list[IOException, TimeoutException], backoff = [null], jitter = [null], timeout = [null]], order = 2], [GatewayFilterAdapter{delegate=org.springframework.cloud.gateway.filter.RouteToRequestUrlFilter@149aa7b2}, order = 10000], [GatewayFilterAdapter{delegate=org.springframework.cloud.gateway.filter.ReactiveLoadBalancerClientFilter@11e71181}, order = 10150], [GatewayFilterAdapter{delegate=org.springframework.cloud.gateway.filter.LoadBalancerServiceInstanceCookieFilter@342beaf6}, order = 10151], [GatewayFilterAdapter{delegate=org.springframework.cloud.gateway.filter.WebsocketRoutingFilter@39f0c343}, order = 2147483646], [GatewayFilterAdapter{delegate=org.springframework.cloud.gateway.filter.NettyRoutingFilter@222acad}, order = 2147483647], [GatewayFilterAdapter{delegate=org.springframework.cloud.gateway.filter.ForwardRoutingFilter@3ca3648}, order = 2147483647]]
2025-08-09T22:51:16.688+04:00 ERROR 6072 --- [gateway-service] [reactor-http-nio-2] a.w.r.e.AbstractErrorWebExceptionHandler : [7b4a27ca-5]  500 Server Error for HTTP GET "/api/users"

io.netty.channel.AbstractChannel$AnnotatedConnectException: Connection refused: no further information: localhost/127.0.0.1:8080
	Suppressed: reactor.core.publisher.FluxOnAssembly$OnAssemblyException: 
Error has been observed at the following site(s):
	*__checkpoint ⇢ org.springframework.cloud.gateway.filter.WeightCalculatorWebFilter [DefaultWebFilterChain]
	*__checkpoint ⇢ HTTP GET "/api/users" [ExceptionHandlingWebHandler]
Original Stack Trace:
Caused by: java.net.ConnectException: Connection refused: no further information
	at java.base/sun.nio.ch.Net.pollConnect(Native Method) ~[na:na]
	at java.base/sun.nio.ch.Net.pollConnectNow(Net.java:672) ~[na:na]
	at java.base/sun.nio.ch.SocketChannelImpl.finishConnect(SocketChannelImpl.java:946) ~[na:na]
	at io.netty.channel.socket.nio.NioSocketChannel.doFinishConnect(NioSocketChannel.java:336) ~[netty-transport-4.1.122.Final.jar:4.1.122.Final]
	at io.netty.channel.nio.AbstractNioChannel$AbstractNioUnsafe.finishConnect(AbstractNioChannel.java:339) ~[netty-transport-4.1.122.Final.jar:4.1.122.Final]
	at io.netty.channel.nio.NioEventLoop.processSelectedKey(NioEventLoop.java:784) ~[netty-transport-4.1.122.Final.jar:4.1.122.Final]
	at io.netty.channel.nio.NioEventLoop.processSelectedKeysOptimized(NioEventLoop.java:732) ~[netty-transport-4.1.122.Final.jar:4.1.122.Final]
	at io.netty.channel.nio.NioEventLoop.processSelectedKeys(NioEventLoop.java:658) ~[netty-transport-4.1.122.Final.jar:4.1.122.Final]
	at io.netty.channel.nio.NioEventLoop.run(NioEventLoop.java:562) ~[netty-transport-4.1.122.Final.jar:4.1.122.Final]
	at io.netty.util.concurrent.SingleThreadEventExecutor$4.run(SingleThreadEventExecutor.java:998) ~[netty-common-4.1.122.Final.jar:4.1.122.Final]
	at io.netty.util.internal.ThreadExecutorMap$2.run(ThreadExecutorMap.java:74) ~[netty-common-4.1.122.Final.jar:4.1.122.Final]
	at io.netty.util.concurrent.FastThreadLocalRunnable.run(FastThreadLocalRunnable.java:30) ~[netty-common-4.1.122.Final.jar:4.1.122.Final]
	at java.base/java.lang.Thread.run(Thread.java:842) ~[na:na]

2025-08-09T22:51:22.280+04:00  INFO 6072 --- [gateway-service] [SpringApplicationShutdownHook] o.s.c.n.e.s.EurekaServiceRegistry        : Unregistering application GATEWAY-SERVICE with eureka with status DOWN
2025-08-09T22:51:22.280+04:00  INFO 6072 --- [gateway-service] [SpringApplicationShutdownHook] com.netflix.discovery.DiscoveryClient    : Saw local status change event StatusChangeEvent [timestamp=1754765482280, current=DOWN, previous=UP]
2025-08-09T22:51:22.280+04:00  INFO 6072 --- [gateway-service] [DiscoveryClient-InstanceInfoReplicator-%d] com.netflix.discovery.DiscoveryClient    : DiscoveryClient_GATEWAY-SERVICE/DESKTOP-74N4B4L:gateway-service:9090: registering service...
2025-08-09T22:51:22.282+04:00  INFO 6072 --- [gateway-service] [SpringApplicationShutdownHook] o.s.b.w.embedded.netty.GracefulShutdown  : Commencing graceful shutdown. Waiting for active requests to complete
2025-08-09T22:51:22.283+04:00  INFO 6072 --- [gateway-service] [netty-shutdown] o.s.b.w.embedded.netty.GracefulShutdown  : Graceful shutdown complete
2025-08-09T22:51:22.290+04:00  INFO 6072 --- [gateway-service] [DiscoveryClient-InstanceInfoReplicator-%d] com.netflix.discovery.DiscoveryClient    : DiscoveryClient_GATEWAY-SERVICE/DESKTOP-74N4B4L:gateway-service:9090 - registration status: 204
2025-08-09T22:51:24.358+04:00  INFO 6072 --- [gateway-service] [SpringApplicationShutdownHook] com.netflix.discovery.DiscoveryClient    : Shutting down DiscoveryClient ...
2025-08-09T22:51:27.368+04:00  INFO 6072 --- [gateway-service] [SpringApplicationShutdownHook] com.netflix.discovery.DiscoveryClient    : Unregistering ...
2025-08-09T22:51:27.368+04:00  WARN 6072 --- [gateway-service] [DiscoveryClient-%d] c.netflix.discovery.TimedSupervisorTask  : task supervisor shutting down, can't accept the task
2025-08-09T22:51:27.371+04:00  INFO 6072 --- [gateway-service] [SpringApplicationShutdownHook] com.netflix.discovery.DiscoveryClient    : DiscoveryClient_GATEWAY-SERVICE/DESKTOP-74N4B4L:gateway-service:9090 - deregister  status: 200
2025-08-09T22:51:27.371+04:00  INFO 6072 --- [gateway-service] [SpringApplicationShutdownHook] com.netflix.discovery.DiscoveryClient    : Completed shut down of DiscoveryClient
2025-08-09T22:56:34.485+04:00  INFO 11540 --- [gateway-service] [main] org.example.Main                         : Starting Main using Java 17.0.12 with PID 11540 (C:\Git\Aston Train\UserNotificationServiceSpringCloud\GatewayService\target\classes started by Admin in C:\Git\Aston Train\UserNotificationServiceSpringCloud\GatewayService)
2025-08-09T22:56:34.489+04:00  INFO 11540 --- [gateway-service] [main] org.example.Main                         : No active profile set, falling back to 1 default profile: "default"
2025-08-09T22:56:35.837+04:00  INFO 11540 --- [gateway-service] [main] o.s.cloud.context.scope.GenericScope     : BeanFactory id=5f00a626-2cf2-3c18-a13d-5c7405e44184
2025-08-09T22:56:36.613+04:00 DEBUG 11540 --- [gateway-service] [main] o.s.c.gateway.config.GatewayProperties   : Routes supplied from Gateway Properties: [RouteDefinition{id='user-service', predicates=[PredicateDefinition{name='Path', args={_genkey_0=/api/users/**}}], filters=[FilterDefinition{name='CircuitBreaker', args={_genkey_0=name=userCircuitBreaker, _genkey_1=fallbackUri=forward:/fallback/users}}, FilterDefinition{name='Retry', args={_genkey_0=3}}], uri=lb://USER-SERVICE, order=0, metadata={}, enabled=true}, RouteDefinition{id='notification-service', predicates=[PredicateDefinition{name='Path', args={_genkey_0=/api/notifications/**}}], filters=[FilterDefinition{name='CircuitBreaker', args={_genkey_0=name=notificationCircuitBreaker, _genkey_1=fallbackUri=forward:/fallback/notifications}}], uri=lb://NOTIFICATION-SERVICE, order=0, metadata={}, enabled=true}]
2025-08-09T22:56:36.960+04:00  INFO 11540 --- [gateway-service] [main] o.s.c.g.r.RouteDefinitionRouteLocator    : Loaded RoutePredicateFactory [After]
2025-08-09T22:56:36.960+04:00  INFO 11540 --- [gateway-service] [main] o.s.c.g.r.RouteDefinitionRouteLocator    : Loaded RoutePredicateFactory [Before]
2025-08-09T22:56:36.961+04:00  INFO 11540 --- [gateway-service] [main] o.s.c.g.r.RouteDefinitionRouteLocator    : Loaded RoutePredicateFactory [Between]
2025-08-09T22:56:36.961+04:00  INFO 11540 --- [gateway-service] [main] o.s.c.g.r.RouteDefinitionRouteLocator    : Loaded RoutePredicateFactory [Cookie]
2025-08-09T22:56:36.961+04:00  INFO 11540 --- [gateway-service] [main] o.s.c.g.r.RouteDefinitionRouteLocator    : Loaded RoutePredicateFactory [Header]
2025-08-09T22:56:36.961+04:00  INFO 11540 --- [gateway-service] [main] o.s.c.g.r.RouteDefinitionRouteLocator    : Loaded RoutePredicateFactory [Host]
2025-08-09T22:56:36.961+04:00  INFO 11540 --- [gateway-service] [main] o.s.c.g.r.RouteDefinitionRouteLocator    : Loaded RoutePredicateFactory [Method]
2025-08-09T22:56:36.961+04:00  INFO 11540 --- [gateway-service] [main] o.s.c.g.r.RouteDefinitionRouteLocator    : Loaded RoutePredicateFactory [Path]
2025-08-09T22:56:36.961+04:00  INFO 11540 --- [gateway-service] [main] o.s.c.g.r.RouteDefinitionRouteLocator    : Loaded RoutePredicateFactory [Query]
2025-08-09T22:56:36.961+04:00  INFO 11540 --- [gateway-service] [main] o.s.c.g.r.RouteDefinitionRouteLocator    : Loaded RoutePredicateFactory [ReadBody]
2025-08-09T22:56:36.961+04:00  INFO 11540 --- [gateway-service] [main] o.s.c.g.r.RouteDefinitionRouteLocator    : Loaded RoutePredicateFactory [RemoteAddr]
2025-08-09T22:56:36.961+04:00  INFO 11540 --- [gateway-service] [main] o.s.c.g.r.RouteDefinitionRouteLocator    : Loaded RoutePredicateFactory [XForwardedRemoteAddr]
2025-08-09T22:56:36.961+04:00  INFO 11540 --- [gateway-service] [main] o.s.c.g.r.RouteDefinitionRouteLocator    : Loaded RoutePredicateFactory [Weight]
2025-08-09T22:56:36.962+04:00  INFO 11540 --- [gateway-service] [main] o.s.c.g.r.RouteDefinitionRouteLocator    : Loaded RoutePredicateFactory [CloudFoundryRouteService]
2025-08-09T22:56:37.407+04:00  INFO 11540 --- [gateway-service] [main] DiscoveryClientOptionalArgsConfiguration : Eureka HTTP Client uses RestTemplate.
2025-08-09T22:56:37.501+04:00  WARN 11540 --- [gateway-service] [main] iguration$LoadBalancerCaffeineWarnLogger : Spring Cloud LoadBalancer is currently working with the default cache. While this cache implementation is useful for development and tests, it's recommended to use Caffeine cache in production.You can switch to using Caffeine cache, by adding it and org.springframework.cache.caffeine.CaffeineCacheManager to the classpath.
2025-08-09T22:56:37.536+04:00  INFO 11540 --- [gateway-service] [main] o.s.c.n.eureka.InstanceInfoFactory       : Setting initial instance status as: STARTING
2025-08-09T22:56:37.566+04:00  INFO 11540 --- [gateway-service] [main] com.netflix.discovery.DiscoveryClient    : Initializing Eureka in region us-east-1
2025-08-09T22:56:37.572+04:00  INFO 11540 --- [gateway-service] [main] c.n.d.s.r.aws.ConfigClusterResolver      : Resolving eureka endpoints via configuration
2025-08-09T22:56:37.582+04:00  INFO 11540 --- [gateway-service] [main] com.netflix.discovery.DiscoveryClient    : Disable delta property : false
2025-08-09T22:56:37.582+04:00  INFO 11540 --- [gateway-service] [main] com.netflix.discovery.DiscoveryClient    : Single vip registry refresh property : null
2025-08-09T22:56:37.582+04:00  INFO 11540 --- [gateway-service] [main] com.netflix.discovery.DiscoveryClient    : Force full registry fetch : false
2025-08-09T22:56:37.583+04:00  INFO 11540 --- [gateway-service] [main] com.netflix.discovery.DiscoveryClient    : Application is null : false
2025-08-09T22:56:37.583+04:00  INFO 11540 --- [gateway-service] [main] com.netflix.discovery.DiscoveryClient    : Registered Applications size is zero : true
2025-08-09T22:56:37.583+04:00  INFO 11540 --- [gateway-service] [main] com.netflix.discovery.DiscoveryClient    : Application version is -1: true
2025-08-09T22:56:37.583+04:00  INFO 11540 --- [gateway-service] [main] com.netflix.discovery.DiscoveryClient    : Getting all instance registry info from the eureka server
2025-08-09T22:56:38.017+04:00  INFO 11540 --- [gateway-service] [main] com.netflix.discovery.DiscoveryClient    : The response status is 200
2025-08-09T22:56:38.018+04:00  INFO 11540 --- [gateway-service] [main] com.netflix.discovery.DiscoveryClient    : Starting heartbeat executor: renew interval is: 30
2025-08-09T22:56:38.020+04:00  INFO 11540 --- [gateway-service] [main] c.n.discovery.InstanceInfoReplicator     : InstanceInfoReplicator onDemand update allowed rate per min is 4
2025-08-09T22:56:38.022+04:00  INFO 11540 --- [gateway-service] [main] com.netflix.discovery.DiscoveryClient    : Discovery Client initialized at timestamp 1754765798021 with initial instances count: 1
2025-08-09T22:56:38.025+04:00  INFO 11540 --- [gateway-service] [main] o.s.c.n.e.s.EurekaServiceRegistry        : Registering application GATEWAY-SERVICE with eureka with status UP
2025-08-09T22:56:38.026+04:00  INFO 11540 --- [gateway-service] [main] com.netflix.discovery.DiscoveryClient    : Saw local status change event StatusChangeEvent [timestamp=1754765798026, current=UP, previous=STARTING]
2025-08-09T22:56:38.029+04:00  INFO 11540 --- [gateway-service] [DiscoveryClient-InstanceInfoReplicator-%d] com.netflix.discovery.DiscoveryClient    : DiscoveryClient_GATEWAY-SERVICE/DESKTOP-74N4B4L:gateway-service:9090: registering service...
2025-08-09T22:56:38.060+04:00 DEBUG 11540 --- [gateway-service] [main] o.s.c.g.r.RouteDefinitionRouteLocator    : RouteDefinition user-service applying {_genkey_0=/api/users/**} to Path
2025-08-09T22:56:38.081+04:00  INFO 11540 --- [gateway-service] [DiscoveryClient-InstanceInfoReplicator-%d] com.netflix.discovery.DiscoveryClient    : DiscoveryClient_GATEWAY-SERVICE/DESKTOP-74N4B4L:gateway-service:9090 - registration status: 204
2025-08-09T22:56:38.084+04:00 DEBUG 11540 --- [gateway-service] [main] o.s.c.g.r.RouteDefinitionRouteLocator    : RouteDefinition user-service applying filter {_genkey_0=name=userCircuitBreaker, _genkey_1=fallbackUri=forward:/fallback/users} to CircuitBreaker
2025-08-09T22:56:38.099+04:00 DEBUG 11540 --- [gateway-service] [main] o.s.c.g.r.RouteDefinitionRouteLocator    : RouteDefinition user-service applying filter {_genkey_0=3} to Retry
2025-08-09T22:56:38.111+04:00 DEBUG 11540 --- [gateway-service] [main] o.s.c.g.r.RouteDefinitionRouteLocator    : RouteDefinition matched: user-service
2025-08-09T22:56:38.112+04:00 DEBUG 11540 --- [gateway-service] [main] o.s.c.g.r.RouteDefinitionRouteLocator    : RouteDefinition notification-service applying {_genkey_0=/api/notifications/**} to Path
2025-08-09T22:56:38.113+04:00 DEBUG 11540 --- [gateway-service] [main] o.s.c.g.r.RouteDefinitionRouteLocator    : RouteDefinition notification-service applying filter {_genkey_0=name=notificationCircuitBreaker, _genkey_1=fallbackUri=forward:/fallback/notifications} to CircuitBreaker
2025-08-09T22:56:38.114+04:00 DEBUG 11540 --- [gateway-service] [main] o.s.c.g.r.RouteDefinitionRouteLocator    : RouteDefinition matched: notification-service
2025-08-09T22:56:38.289+04:00  INFO 11540 --- [gateway-service] [main] o.s.b.web.embedded.netty.NettyWebServer  : Netty started on port 9090 (http)
2025-08-09T22:56:38.291+04:00  INFO 11540 --- [gateway-service] [main] .s.c.n.e.s.EurekaAutoServiceRegistration : Updating port to 9090
2025-08-09T22:56:38.469+04:00 DEBUG 11540 --- [gateway-service] [main] o.s.c.g.r.RouteDefinitionRouteLocator    : RouteDefinition user-service applying {_genkey_0=/api/users/**} to Path
2025-08-09T22:56:38.471+04:00 DEBUG 11540 --- [gateway-service] [main] o.s.c.g.r.RouteDefinitionRouteLocator    : RouteDefinition user-service applying filter {_genkey_0=name=userCircuitBreaker, _genkey_1=fallbackUri=forward:/fallback/users} to CircuitBreaker
2025-08-09T22:56:38.471+04:00 DEBUG 11540 --- [gateway-service] [main] o.s.c.g.r.RouteDefinitionRouteLocator    : RouteDefinition user-service applying filter {_genkey_0=3} to Retry
2025-08-09T22:56:38.472+04:00 DEBUG 11540 --- [gateway-service] [main] o.s.c.g.r.RouteDefinitionRouteLocator    : RouteDefinition matched: user-service
2025-08-09T22:56:38.472+04:00 DEBUG 11540 --- [gateway-service] [main] o.s.c.g.r.RouteDefinitionRouteLocator    : RouteDefinition notification-service applying {_genkey_0=/api/notifications/**} to Path
2025-08-09T22:56:38.473+04:00 DEBUG 11540 --- [gateway-service] [main] o.s.c.g.r.RouteDefinitionRouteLocator    : RouteDefinition notification-service applying filter {_genkey_0=name=notificationCircuitBreaker, _genkey_1=fallbackUri=forward:/fallback/notifications} to CircuitBreaker
2025-08-09T22:56:38.474+04:00 DEBUG 11540 --- [gateway-service] [main] o.s.c.g.r.RouteDefinitionRouteLocator    : RouteDefinition matched: notification-service
2025-08-09T22:56:38.481+04:00  INFO 11540 --- [gateway-service] [main] org.example.Main                         : Started Main in 4.654 seconds (process running for 5.26)
2025-08-09T22:56:38.489+04:00  WARN 11540 --- [gateway-service] [main] ServerWebfluxPropertiesMigrationListener : 
The use of configuration keys that have been renamed was found in the environment:

Property source 'Config resource 'class path resource [application.properties]' via location 'optional:classpath:/'':
	Key: spring.cloud.gateway.routes[0].id
		Line: 16
		Replacement: spring.cloud.gateway.server.webflux.routes[0].id
	Key: spring.cloud.gateway.routes[0].uri
		Line: 17
		Replacement: spring.cloud.gateway.server.webflux.routes[0].uri
	Key: spring.cloud.gateway.routes[0].predicates[0]
		Line: 18
		Replacement: spring.cloud.gateway.server.webflux.routes[0].predicates[0]
	Key: spring.cloud.gateway.routes[0].filters[0]
		Line: 19
		Replacement: spring.cloud.gateway.server.webflux.routes[0].filters[0]
	Key: spring.cloud.gateway.routes[0].filters[1]
		Line: 20
		Replacement: spring.cloud.gateway.server.webflux.routes[0].filters[1]
	Key: spring.cloud.gateway.routes[1].id
		Line: 23
		Replacement: spring.cloud.gateway.server.webflux.routes[1].id
	Key: spring.cloud.gateway.routes[1].uri
		Line: 24
		Replacement: spring.cloud.gateway.server.webflux.routes[1].uri
	Key: spring.cloud.gateway.routes[1].predicates[0]
		Line: 25
		Replacement: spring.cloud.gateway.server.webflux.routes[1].predicates[0]
	Key: spring.cloud.gateway.routes[1].filters[0]
		Line: 26
		Replacement: spring.cloud.gateway.server.webflux.routes[1].filters[0]


Each configuration key has been temporarily mapped to its replacement for your convenience. To silence this warning, please update your configuration to use the new keys.

2025-08-09T22:56:38.490+04:00  WARN 11540 --- [gateway-service] [main] o.s.b.c.p.m.PropertiesMigrationListener  : 
The use of configuration keys that have been renamed was found in the environment:

Property source 'Config resource 'class path resource [application.properties]' via location 'optional:classpath:/'':
	Key: spring.cloud.gateway.enabled
		Line: 11
		Replacement: spring.cloud.gateway.server.webflux.enabled
	Key: spring.cloud.gateway.httpclient.connect-timeout
		Line: 13
		Replacement: spring.cloud.gateway.server.webflux.httpclient.connect-timeout
	Key: spring.cloud.gateway.httpclient.response-timeout
		Line: 14
		Replacement: spring.cloud.gateway.server.webflux.httpclient.response-timeout


Each configuration key has been temporarily mapped to its replacement for your convenience. To silence this warning, please update your configuration to use the new keys.

2025-08-09T22:56:46.476+04:00 DEBUG 11540 --- [gateway-service] [reactor-http-nio-2] o.s.c.g.h.RoutePredicateHandlerMapping   : Route matched: user-service
2025-08-09T22:56:46.478+04:00 DEBUG 11540 --- [gateway-service] [reactor-http-nio-2] o.s.c.g.h.RoutePredicateHandlerMapping   : Mapping [Exchange: GET http://localhost:9090/api/users] to Route{id='user-service', uri=lb://USER-SERVICE, order=0, predicate=(RouteDefinitionRouteLocator$$Lambda$1177/0x0000029981678fc0 && Paths: [/api/users/**], match trailing slash: true), gatewayFilters=[[[SpringCloudCircuitBreakerResilience4JFilterFactory name = 'name=userCircuitBreaker', fallback = [null]], order = 1], [[Retry routeId = 'user-service', retries = 3, series = list[SERVER_ERROR], statuses = list[[empty]], methods = list[GET], exceptions = list[IOException, TimeoutException], backoff = [null], jitter = [null], timeout = [null]], order = 2]], metadata={}}
2025-08-09T22:56:46.479+04:00 DEBUG 11540 --- [gateway-service] [reactor-http-nio-2] o.s.c.g.h.RoutePredicateHandlerMapping   : [94b0ddf4-1] Mapped to org.springframework.cloud.gateway.handler.FilteringWebHandler@3be3e76c
2025-08-09T22:56:46.479+04:00 DEBUG 11540 --- [gateway-service] [reactor-http-nio-2] o.s.c.g.handler.FilteringWebHandler      : Sorted gatewayFilterFactories: [[GatewayFilterAdapter{delegate=org.springframework.cloud.gateway.filter.RemoveCachedBodyFilter@7ec3a8bd}, order = -2147483648], [GatewayFilterAdapter{delegate=org.springframework.cloud.gateway.filter.AdaptCachedBodyGlobalFilter@7f0d8eff}, order = -2147482648], [GatewayFilterAdapter{delegate=org.springframework.cloud.gateway.filter.NettyWriteResponseFilter@2d22d3b1}, order = -1], [GatewayFilterAdapter{delegate=org.springframework.cloud.gateway.filter.ForwardPathFilter@79cb8ffa}, order = 0], [[SpringCloudCircuitBreakerResilience4JFilterFactory name = 'name=userCircuitBreaker', fallback = [null]], order = 1], [[Retry routeId = 'user-service', retries = 3, series = list[SERVER_ERROR], statuses = list[[empty]], methods = list[GET], exceptions = list[IOException, TimeoutException], backoff = [null], jitter = [null], timeout = [null]], order = 2], [GatewayFilterAdapter{delegate=org.springframework.cloud.gateway.filter.RouteToRequestUrlFilter@9690008}, order = 10000], [GatewayFilterAdapter{delegate=org.springframework.cloud.gateway.filter.ReactiveLoadBalancerClientFilter@7cd5fcf4}, order = 10150], [GatewayFilterAdapter{delegate=org.springframework.cloud.gateway.filter.LoadBalancerServiceInstanceCookieFilter@19cdc217}, order = 10151], [GatewayFilterAdapter{delegate=org.springframework.cloud.gateway.filter.WebsocketRoutingFilter@1a2e563e}, order = 2147483646], [GatewayFilterAdapter{delegate=org.springframework.cloud.gateway.filter.NettyRoutingFilter@5f5297e3}, order = 2147483647], [GatewayFilterAdapter{delegate=org.springframework.cloud.gateway.filter.ForwardRoutingFilter@42cf6349}, order = 2147483647]]
2025-08-09T22:56:46.551+04:00  WARN 11540 --- [gateway-service] [reactor-http-nio-2] o.s.c.l.core.RoundRobinLoadBalancer      : No servers available for service: USER-SERVICE
2025-08-09T22:56:50.594+04:00 DEBUG 11540 --- [gateway-service] [reactor-http-nio-2] o.s.c.g.h.RoutePredicateHandlerMapping   : Route matched: user-service
2025-08-09T22:56:50.595+04:00 DEBUG 11540 --- [gateway-service] [reactor-http-nio-2] o.s.c.g.h.RoutePredicateHandlerMapping   : Mapping [Exchange: GET http://localhost:9090/api/users] to Route{id='user-service', uri=lb://USER-SERVICE, order=0, predicate=(RouteDefinitionRouteLocator$$Lambda$1177/0x0000029981678fc0 && Paths: [/api/users/**], match trailing slash: true), gatewayFilters=[[[SpringCloudCircuitBreakerResilience4JFilterFactory name = 'name=userCircuitBreaker', fallback = [null]], order = 1], [[Retry routeId = 'user-service', retries = 3, series = list[SERVER_ERROR], statuses = list[[empty]], methods = list[GET], exceptions = list[IOException, TimeoutException], backoff = [null], jitter = [null], timeout = [null]], order = 2]], metadata={}}
2025-08-09T22:56:50.595+04:00 DEBUG 11540 --- [gateway-service] [reactor-http-nio-2] o.s.c.g.h.RoutePredicateHandlerMapping   : [94b0ddf4-2] Mapped to org.springframework.cloud.gateway.handler.FilteringWebHandler@3be3e76c
2025-08-09T22:56:50.595+04:00 DEBUG 11540 --- [gateway-service] [reactor-http-nio-2] o.s.c.g.handler.FilteringWebHandler      : Sorted gatewayFilterFactories: [[GatewayFilterAdapter{delegate=org.springframework.cloud.gateway.filter.RemoveCachedBodyFilter@7ec3a8bd}, order = -2147483648], [GatewayFilterAdapter{delegate=org.springframework.cloud.gateway.filter.AdaptCachedBodyGlobalFilter@7f0d8eff}, order = -2147482648], [GatewayFilterAdapter{delegate=org.springframework.cloud.gateway.filter.NettyWriteResponseFilter@2d22d3b1}, order = -1], [GatewayFilterAdapter{delegate=org.springframework.cloud.gateway.filter.ForwardPathFilter@79cb8ffa}, order = 0], [[SpringCloudCircuitBreakerResilience4JFilterFactory name = 'name=userCircuitBreaker', fallback = [null]], order = 1], [[Retry routeId = 'user-service', retries = 3, series = list[SERVER_ERROR], statuses = list[[empty]], methods = list[GET], exceptions = list[IOException, TimeoutException], backoff = [null], jitter = [null], timeout = [null]], order = 2], [GatewayFilterAdapter{delegate=org.springframework.cloud.gateway.filter.RouteToRequestUrlFilter@9690008}, order = 10000], [GatewayFilterAdapter{delegate=org.springframework.cloud.gateway.filter.ReactiveLoadBalancerClientFilter@7cd5fcf4}, order = 10150], [GatewayFilterAdapter{delegate=org.springframework.cloud.gateway.filter.LoadBalancerServiceInstanceCookieFilter@19cdc217}, order = 10151], [GatewayFilterAdapter{delegate=org.springframework.cloud.gateway.filter.WebsocketRoutingFilter@1a2e563e}, order = 2147483646], [GatewayFilterAdapter{delegate=org.springframework.cloud.gateway.filter.NettyRoutingFilter@5f5297e3}, order = 2147483647], [GatewayFilterAdapter{delegate=org.springframework.cloud.gateway.filter.ForwardRoutingFilter@42cf6349}, order = 2147483647]]
2025-08-09T22:56:50.597+04:00  WARN 11540 --- [gateway-service] [reactor-http-nio-2] o.s.c.l.core.RoundRobinLoadBalancer      : No servers available for service: USER-SERVICE
2025-08-09T22:56:51.369+04:00 DEBUG 11540 --- [gateway-service] [reactor-http-nio-2] o.s.c.g.h.RoutePredicateHandlerMapping   : Route matched: user-service
2025-08-09T22:56:51.369+04:00 DEBUG 11540 --- [gateway-service] [reactor-http-nio-2] o.s.c.g.h.RoutePredicateHandlerMapping   : Mapping [Exchange: GET http://localhost:9090/api/users] to Route{id='user-service', uri=lb://USER-SERVICE, order=0, predicate=(RouteDefinitionRouteLocator$$Lambda$1177/0x0000029981678fc0 && Paths: [/api/users/**], match trailing slash: true), gatewayFilters=[[[SpringCloudCircuitBreakerResilience4JFilterFactory name = 'name=userCircuitBreaker', fallback = [null]], order = 1], [[Retry routeId = 'user-service', retries = 3, series = list[SERVER_ERROR], statuses = list[[empty]], methods = list[GET], exceptions = list[IOException, TimeoutException], backoff = [null], jitter = [null], timeout = [null]], order = 2]], metadata={}}
2025-08-09T22:56:51.369+04:00 DEBUG 11540 --- [gateway-service] [reactor-http-nio-2] o.s.c.g.h.RoutePredicateHandlerMapping   : [94b0ddf4-3] Mapped to org.springframework.cloud.gateway.handler.FilteringWebHandler@3be3e76c
2025-08-09T22:56:51.370+04:00 DEBUG 11540 --- [gateway-service] [reactor-http-nio-2] o.s.c.g.handler.FilteringWebHandler      : Sorted gatewayFilterFactories: [[GatewayFilterAdapter{delegate=org.springframework.cloud.gateway.filter.RemoveCachedBodyFilter@7ec3a8bd}, order = -2147483648], [GatewayFilterAdapter{delegate=org.springframework.cloud.gateway.filter.AdaptCachedBodyGlobalFilter@7f0d8eff}, order = -2147482648], [GatewayFilterAdapter{delegate=org.springframework.cloud.gateway.filter.NettyWriteResponseFilter@2d22d3b1}, order = -1], [GatewayFilterAdapter{delegate=org.springframework.cloud.gateway.filter.ForwardPathFilter@79cb8ffa}, order = 0], [[SpringCloudCircuitBreakerResilience4JFilterFactory name = 'name=userCircuitBreaker', fallback = [null]], order = 1], [[Retry routeId = 'user-service', retries = 3, series = list[SERVER_ERROR], statuses = list[[empty]], methods = list[GET], exceptions = list[IOException, TimeoutException], backoff = [null], jitter = [null], timeout = [null]], order = 2], [GatewayFilterAdapter{delegate=org.springframework.cloud.gateway.filter.RouteToRequestUrlFilter@9690008}, order = 10000], [GatewayFilterAdapter{delegate=org.springframework.cloud.gateway.filter.ReactiveLoadBalancerClientFilter@7cd5fcf4}, order = 10150], [GatewayFilterAdapter{delegate=org.springframework.cloud.gateway.filter.LoadBalancerServiceInstanceCookieFilter@19cdc217}, order = 10151], [GatewayFilterAdapter{delegate=org.springframework.cloud.gateway.filter.WebsocketRoutingFilter@1a2e563e}, order = 2147483646], [GatewayFilterAdapter{delegate=org.springframework.cloud.gateway.filter.NettyRoutingFilter@5f5297e3}, order = 2147483647], [GatewayFilterAdapter{delegate=org.springframework.cloud.gateway.filter.ForwardRoutingFilter@42cf6349}, order = 2147483647]]
2025-08-09T22:56:51.371+04:00  WARN 11540 --- [gateway-service] [reactor-http-nio-2] o.s.c.l.core.RoundRobinLoadBalancer      : No servers available for service: USER-SERVICE
2025-08-09T22:56:52.050+04:00 DEBUG 11540 --- [gateway-service] [reactor-http-nio-2] o.s.c.g.h.RoutePredicateHandlerMapping   : Route matched: user-service
2025-08-09T22:56:52.050+04:00 DEBUG 11540 --- [gateway-service] [reactor-http-nio-2] o.s.c.g.h.RoutePredicateHandlerMapping   : Mapping [Exchange: GET http://localhost:9090/api/users] to Route{id='user-service', uri=lb://USER-SERVICE, order=0, predicate=(RouteDefinitionRouteLocator$$Lambda$1177/0x0000029981678fc0 && Paths: [/api/users/**], match trailing slash: true), gatewayFilters=[[[SpringCloudCircuitBreakerResilience4JFilterFactory name = 'name=userCircuitBreaker', fallback = [null]], order = 1], [[Retry routeId = 'user-service', retries = 3, series = list[SERVER_ERROR], statuses = list[[empty]], methods = list[GET], exceptions = list[IOException, TimeoutException], backoff = [null], jitter = [null], timeout = [null]], order = 2]], metadata={}}
2025-08-09T22:56:52.050+04:00 DEBUG 11540 --- [gateway-service] [reactor-http-nio-2] o.s.c.g.h.RoutePredicateHandlerMapping   : [94b0ddf4-4] Mapped to org.springframework.cloud.gateway.handler.FilteringWebHandler@3be3e76c
2025-08-09T22:56:52.050+04:00 DEBUG 11540 --- [gateway-service] [reactor-http-nio-2] o.s.c.g.handler.FilteringWebHandler      : Sorted gatewayFilterFactories: [[GatewayFilterAdapter{delegate=org.springframework.cloud.gateway.filter.RemoveCachedBodyFilter@7ec3a8bd}, order = -2147483648], [GatewayFilterAdapter{delegate=org.springframework.cloud.gateway.filter.AdaptCachedBodyGlobalFilter@7f0d8eff}, order = -2147482648], [GatewayFilterAdapter{delegate=org.springframework.cloud.gateway.filter.NettyWriteResponseFilter@2d22d3b1}, order = -1], [GatewayFilterAdapter{delegate=org.springframework.cloud.gateway.filter.ForwardPathFilter@79cb8ffa}, order = 0], [[SpringCloudCircuitBreakerResilience4JFilterFactory name = 'name=userCircuitBreaker', fallback = [null]], order = 1], [[Retry routeId = 'user-service', retries = 3, series = list[SERVER_ERROR], statuses = list[[empty]], methods = list[GET], exceptions = list[IOException, TimeoutException], backoff = [null], jitter = [null], timeout = [null]], order = 2], [GatewayFilterAdapter{delegate=org.springframework.cloud.gateway.filter.RouteToRequestUrlFilter@9690008}, order = 10000], [GatewayFilterAdapter{delegate=org.springframework.cloud.gateway.filter.ReactiveLoadBalancerClientFilter@7cd5fcf4}, order = 10150], [GatewayFilterAdapter{delegate=org.springframework.cloud.gateway.filter.LoadBalancerServiceInstanceCookieFilter@19cdc217}, order = 10151], [GatewayFilterAdapter{delegate=org.springframework.cloud.gateway.filter.WebsocketRoutingFilter@1a2e563e}, order = 2147483646], [GatewayFilterAdapter{delegate=org.springframework.cloud.gateway.filter.NettyRoutingFilter@5f5297e3}, order = 2147483647], [GatewayFilterAdapter{delegate=org.springframework.cloud.gateway.filter.ForwardRoutingFilter@42cf6349}, order = 2147483647]]
2025-08-09T22:56:52.051+04:00  WARN 11540 --- [gateway-service] [reactor-http-nio-2] o.s.c.l.core.RoundRobinLoadBalancer      : No servers available for service: USER-SERVICE
2025-08-09T22:56:53.512+04:00 DEBUG 11540 --- [gateway-service] [reactor-http-nio-2] o.s.c.g.h.RoutePredicateHandlerMapping   : Route matched: user-service
2025-08-09T22:56:53.512+04:00 DEBUG 11540 --- [gateway-service] [reactor-http-nio-2] o.s.c.g.h.RoutePredicateHandlerMapping   : Mapping [Exchange: GET http://localhost:9090/api/users] to Route{id='user-service', uri=lb://USER-SERVICE, order=0, predicate=(RouteDefinitionRouteLocator$$Lambda$1177/0x0000029981678fc0 && Paths: [/api/users/**], match trailing slash: true), gatewayFilters=[[[SpringCloudCircuitBreakerResilience4JFilterFactory name = 'name=userCircuitBreaker', fallback = [null]], order = 1], [[Retry routeId = 'user-service', retries = 3, series = list[SERVER_ERROR], statuses = list[[empty]], methods = list[GET], exceptions = list[IOException, TimeoutException], backoff = [null], jitter = [null], timeout = [null]], order = 2]], metadata={}}
2025-08-09T22:56:53.512+04:00 DEBUG 11540 --- [gateway-service] [reactor-http-nio-2] o.s.c.g.h.RoutePredicateHandlerMapping   : [94b0ddf4-5] Mapped to org.springframework.cloud.gateway.handler.FilteringWebHandler@3be3e76c
2025-08-09T22:56:53.512+04:00 DEBUG 11540 --- [gateway-service] [reactor-http-nio-2] o.s.c.g.handler.FilteringWebHandler      : Sorted gatewayFilterFactories: [[GatewayFilterAdapter{delegate=org.springframework.cloud.gateway.filter.RemoveCachedBodyFilter@7ec3a8bd}, order = -2147483648], [GatewayFilterAdapter{delegate=org.springframework.cloud.gateway.filter.AdaptCachedBodyGlobalFilter@7f0d8eff}, order = -2147482648], [GatewayFilterAdapter{delegate=org.springframework.cloud.gateway.filter.NettyWriteResponseFilter@2d22d3b1}, order = -1], [GatewayFilterAdapter{delegate=org.springframework.cloud.gateway.filter.ForwardPathFilter@79cb8ffa}, order = 0], [[SpringCloudCircuitBreakerResilience4JFilterFactory name = 'name=userCircuitBreaker', fallback = [null]], order = 1], [[Retry routeId = 'user-service', retries = 3, series = list[SERVER_ERROR], statuses = list[[empty]], methods = list[GET], exceptions = list[IOException, TimeoutException], backoff = [null], jitter = [null], timeout = [null]], order = 2], [GatewayFilterAdapter{delegate=org.springframework.cloud.gateway.filter.RouteToRequestUrlFilter@9690008}, order = 10000], [GatewayFilterAdapter{delegate=org.springframework.cloud.gateway.filter.ReactiveLoadBalancerClientFilter@7cd5fcf4}, order = 10150], [GatewayFilterAdapter{delegate=org.springframework.cloud.gateway.filter.LoadBalancerServiceInstanceCookieFilter@19cdc217}, order = 10151], [GatewayFilterAdapter{delegate=org.springframework.cloud.gateway.filter.WebsocketRoutingFilter@1a2e563e}, order = 2147483646], [GatewayFilterAdapter{delegate=org.springframework.cloud.gateway.filter.NettyRoutingFilter@5f5297e3}, order = 2147483647], [GatewayFilterAdapter{delegate=org.springframework.cloud.gateway.filter.ForwardRoutingFilter@42cf6349}, order = 2147483647]]
2025-08-09T22:56:53.514+04:00  WARN 11540 --- [gateway-service] [reactor-http-nio-2] o.s.c.l.core.RoundRobinLoadBalancer      : No servers available for service: USER-SERVICE
2025-08-09T22:57:08.047+04:00 DEBUG 11540 --- [gateway-service] [DiscoveryClient-CacheRefreshExecutor-%d] o.s.c.g.r.RouteDefinitionRouteLocator    : RouteDefinition user-service applying {_genkey_0=/api/users/**} to Path
2025-08-09T22:57:08.048+04:00 DEBUG 11540 --- [gateway-service] [DiscoveryClient-CacheRefreshExecutor-%d] o.s.c.g.r.RouteDefinitionRouteLocator    : RouteDefinition user-service applying filter {_genkey_0=name=userCircuitBreaker, _genkey_1=fallbackUri=forward:/fallback/users} to CircuitBreaker
2025-08-09T22:57:08.049+04:00 DEBUG 11540 --- [gateway-service] [DiscoveryClient-CacheRefreshExecutor-%d] o.s.c.g.r.RouteDefinitionRouteLocator    : RouteDefinition user-service applying filter {_genkey_0=3} to Retry
2025-08-09T22:57:08.049+04:00 DEBUG 11540 --- [gateway-service] [DiscoveryClient-CacheRefreshExecutor-%d] o.s.c.g.r.RouteDefinitionRouteLocator    : RouteDefinition matched: user-service
2025-08-09T22:57:08.049+04:00 DEBUG 11540 --- [gateway-service] [DiscoveryClient-CacheRefreshExecutor-%d] o.s.c.g.r.RouteDefinitionRouteLocator    : RouteDefinition notification-service applying {_genkey_0=/api/notifications/**} to Path
2025-08-09T22:57:08.050+04:00 DEBUG 11540 --- [gateway-service] [DiscoveryClient-CacheRefreshExecutor-%d] o.s.c.g.r.RouteDefinitionRouteLocator    : RouteDefinition notification-service applying filter {_genkey_0=name=notificationCircuitBreaker, _genkey_1=fallbackUri=forward:/fallback/notifications} to CircuitBreaker
2025-08-09T22:57:08.050+04:00 DEBUG 11540 --- [gateway-service] [DiscoveryClient-CacheRefreshExecutor-%d] o.s.c.g.r.RouteDefinitionRouteLocator    : RouteDefinition matched: notification-service
2025-08-09T22:57:29.244+04:00 DEBUG 11540 --- [gateway-service] [reactor-http-nio-2] o.s.c.g.h.RoutePredicateHandlerMapping   : Route matched: user-service
2025-08-09T22:57:29.245+04:00 DEBUG 11540 --- [gateway-service] [reactor-http-nio-2] o.s.c.g.h.RoutePredicateHandlerMapping   : Mapping [Exchange: GET http://localhost:9090/api/users] to Route{id='user-service', uri=lb://USER-SERVICE, order=0, predicate=(RouteDefinitionRouteLocator$$Lambda$1177/0x0000029981678fc0 && Paths: [/api/users/**], match trailing slash: true), gatewayFilters=[[[SpringCloudCircuitBreakerResilience4JFilterFactory name = 'name=userCircuitBreaker', fallback = [null]], order = 1], [[Retry routeId = 'user-service', retries = 3, series = list[SERVER_ERROR], statuses = list[[empty]], methods = list[GET], exceptions = list[IOException, TimeoutException], backoff = [null], jitter = [null], timeout = [null]], order = 2]], metadata={}}
2025-08-09T22:57:29.245+04:00 DEBUG 11540 --- [gateway-service] [reactor-http-nio-2] o.s.c.g.h.RoutePredicateHandlerMapping   : [94b0ddf4-6] Mapped to org.springframework.cloud.gateway.handler.FilteringWebHandler@3be3e76c
2025-08-09T22:57:29.245+04:00 DEBUG 11540 --- [gateway-service] [reactor-http-nio-2] o.s.c.g.handler.FilteringWebHandler      : Sorted gatewayFilterFactories: [[GatewayFilterAdapter{delegate=org.springframework.cloud.gateway.filter.RemoveCachedBodyFilter@7ec3a8bd}, order = -2147483648], [GatewayFilterAdapter{delegate=org.springframework.cloud.gateway.filter.AdaptCachedBodyGlobalFilter@7f0d8eff}, order = -2147482648], [GatewayFilterAdapter{delegate=org.springframework.cloud.gateway.filter.NettyWriteResponseFilter@2d22d3b1}, order = -1], [GatewayFilterAdapter{delegate=org.springframework.cloud.gateway.filter.ForwardPathFilter@79cb8ffa}, order = 0], [[SpringCloudCircuitBreakerResilience4JFilterFactory name = 'name=userCircuitBreaker', fallback = [null]], order = 1], [[Retry routeId = 'user-service', retries = 3, series = list[SERVER_ERROR], statuses = list[[empty]], methods = list[GET], exceptions = list[IOException, TimeoutException], backoff = [null], jitter = [null], timeout = [null]], order = 2], [GatewayFilterAdapter{delegate=org.springframework.cloud.gateway.filter.RouteToRequestUrlFilter@9690008}, order = 10000], [GatewayFilterAdapter{delegate=org.springframework.cloud.gateway.filter.ReactiveLoadBalancerClientFilter@7cd5fcf4}, order = 10150], [GatewayFilterAdapter{delegate=org.springframework.cloud.gateway.filter.LoadBalancerServiceInstanceCookieFilter@19cdc217}, order = 10151], [GatewayFilterAdapter{delegate=org.springframework.cloud.gateway.filter.WebsocketRoutingFilter@1a2e563e}, order = 2147483646], [GatewayFilterAdapter{delegate=org.springframework.cloud.gateway.filter.NettyRoutingFilter@5f5297e3}, order = 2147483647], [GatewayFilterAdapter{delegate=org.springframework.cloud.gateway.filter.ForwardRoutingFilter@42cf6349}, order = 2147483647]]
2025-08-09T22:57:29.328+04:00 DEBUG 11540 --- [gateway-service] [reactor-http-nio-2] r.netty.http.client.HttpClientConnect    : [12207e59-1, L:/127.0.0.1:57480 - R:localhost/127.0.0.1:8080] Handler is being applied: {uri=http://localhost:8080/api/users, method=GET}
2025-08-09T22:57:29.348+04:00 DEBUG 11540 --- [gateway-service] [reactor-http-nio-2] r.n.http.client.HttpClientOperations     : [12207e59-1, L:/127.0.0.1:57480 - R:localhost/127.0.0.1:8080] Received response (auto-read:false) : RESPONSE(decodeResult: success, version: HTTP/1.1)
HTTP/1.1 200 
Content-Type: <filtered>
Transfer-Encoding: <filtered>
Date: <filtered>
2025-08-09T22:57:29.358+04:00 DEBUG 11540 --- [gateway-service] [reactor-http-nio-2] r.n.http.client.HttpClientOperations     : [12207e59-1, L:/127.0.0.1:57480 - R:localhost/127.0.0.1:8080] Received last HTTP packet
2025-08-09T22:57:30.460+04:00 DEBUG 11540 --- [gateway-service] [reactor-http-nio-2] o.s.c.g.h.RoutePredicateHandlerMapping   : Route matched: user-service
2025-08-09T22:57:30.461+04:00 DEBUG 11540 --- [gateway-service] [reactor-http-nio-2] o.s.c.g.h.RoutePredicateHandlerMapping   : Mapping [Exchange: GET http://localhost:9090/api/users] to Route{id='user-service', uri=lb://USER-SERVICE, order=0, predicate=(RouteDefinitionRouteLocator$$Lambda$1177/0x0000029981678fc0 && Paths: [/api/users/**], match trailing slash: true), gatewayFilters=[[[SpringCloudCircuitBreakerResilience4JFilterFactory name = 'name=userCircuitBreaker', fallback = [null]], order = 1], [[Retry routeId = 'user-service', retries = 3, series = list[SERVER_ERROR], statuses = list[[empty]], methods = list[GET], exceptions = list[IOException, TimeoutException], backoff = [null], jitter = [null], timeout = [null]], order = 2]], metadata={}}
2025-08-09T22:57:30.461+04:00 DEBUG 11540 --- [gateway-service] [reactor-http-nio-2] o.s.c.g.h.RoutePredicateHandlerMapping   : [94b0ddf4-7] Mapped to org.springframework.cloud.gateway.handler.FilteringWebHandler@3be3e76c
2025-08-09T22:57:30.461+04:00 DEBUG 11540 --- [gateway-service] [reactor-http-nio-2] o.s.c.g.handler.FilteringWebHandler      : Sorted gatewayFilterFactories: [[GatewayFilterAdapter{delegate=org.springframework.cloud.gateway.filter.RemoveCachedBodyFilter@7ec3a8bd}, order = -2147483648], [GatewayFilterAdapter{delegate=org.springframework.cloud.gateway.filter.AdaptCachedBodyGlobalFilter@7f0d8eff}, order = -2147482648], [GatewayFilterAdapter{delegate=org.springframework.cloud.gateway.filter.NettyWriteResponseFilter@2d22d3b1}, order = -1], [GatewayFilterAdapter{delegate=org.springframework.cloud.gateway.filter.ForwardPathFilter@79cb8ffa}, order = 0], [[SpringCloudCircuitBreakerResilience4JFilterFactory name = 'name=userCircuitBreaker', fallback = [null]], order = 1], [[Retry routeId = 'user-service', retries = 3, series = list[SERVER_ERROR], statuses = list[[empty]], methods = list[GET], exceptions = list[IOException, TimeoutException], backoff = [null], jitter = [null], timeout = [null]], order = 2], [GatewayFilterAdapter{delegate=org.springframework.cloud.gateway.filter.RouteToRequestUrlFilter@9690008}, order = 10000], [GatewayFilterAdapter{delegate=org.springframework.cloud.gateway.filter.ReactiveLoadBalancerClientFilter@7cd5fcf4}, order = 10150], [GatewayFilterAdapter{delegate=org.springframework.cloud.gateway.filter.LoadBalancerServiceInstanceCookieFilter@19cdc217}, order = 10151], [GatewayFilterAdapter{delegate=org.springframework.cloud.gateway.filter.WebsocketRoutingFilter@1a2e563e}, order = 2147483646], [GatewayFilterAdapter{delegate=org.springframework.cloud.gateway.filter.NettyRoutingFilter@5f5297e3}, order = 2147483647], [GatewayFilterAdapter{delegate=org.springframework.cloud.gateway.filter.ForwardRoutingFilter@42cf6349}, order = 2147483647]]
2025-08-09T22:57:30.463+04:00 DEBUG 11540 --- [gateway-service] [reactor-http-nio-2] r.netty.http.client.HttpClientConnect    : [12207e59-2, L:/127.0.0.1:57480 - R:localhost/127.0.0.1:8080] Handler is being applied: {uri=http://localhost:8080/api/users, method=GET}
2025-08-09T22:57:30.477+04:00 DEBUG 11540 --- [gateway-service] [reactor-http-nio-2] r.n.http.client.HttpClientOperations     : [12207e59-2, L:/127.0.0.1:57480 - R:localhost/127.0.0.1:8080] Received response (auto-read:false) : RESPONSE(decodeResult: success, version: HTTP/1.1)
HTTP/1.1 200 
Content-Type: <filtered>
Transfer-Encoding: <filtered>
Date: <filtered>
2025-08-09T22:57:30.478+04:00 DEBUG 11540 --- [gateway-service] [reactor-http-nio-2] r.n.http.client.HttpClientOperations     : [12207e59-2, L:/127.0.0.1:57480 - R:localhost/127.0.0.1:8080] Received last HTTP packet
2025-08-09T22:57:34.440+04:00 DEBUG 11540 --- [gateway-service] [reactor-http-nio-2] o.s.c.g.h.RoutePredicateHandlerMapping   : Route matched: user-service
2025-08-09T22:57:34.440+04:00 DEBUG 11540 --- [gateway-service] [reactor-http-nio-2] o.s.c.g.h.RoutePredicateHandlerMapping   : Mapping [Exchange: GET http://localhost:9090/api/users] to Route{id='user-service', uri=lb://USER-SERVICE, order=0, predicate=(RouteDefinitionRouteLocator$$Lambda$1177/0x0000029981678fc0 && Paths: [/api/users/**], match trailing slash: true), gatewayFilters=[[[SpringCloudCircuitBreakerResilience4JFilterFactory name = 'name=userCircuitBreaker', fallback = [null]], order = 1], [[Retry routeId = 'user-service', retries = 3, series = list[SERVER_ERROR], statuses = list[[empty]], methods = list[GET], exceptions = list[IOException, TimeoutException], backoff = [null], jitter = [null], timeout = [null]], order = 2]], metadata={}}
2025-08-09T22:57:34.440+04:00 DEBUG 11540 --- [gateway-service] [reactor-http-nio-2] o.s.c.g.h.RoutePredicateHandlerMapping   : [94b0ddf4-8] Mapped to org.springframework.cloud.gateway.handler.FilteringWebHandler@3be3e76c
2025-08-09T22:57:34.441+04:00 DEBUG 11540 --- [gateway-service] [reactor-http-nio-2] o.s.c.g.handler.FilteringWebHandler      : Sorted gatewayFilterFactories: [[GatewayFilterAdapter{delegate=org.springframework.cloud.gateway.filter.RemoveCachedBodyFilter@7ec3a8bd}, order = -2147483648], [GatewayFilterAdapter{delegate=org.springframework.cloud.gateway.filter.AdaptCachedBodyGlobalFilter@7f0d8eff}, order = -2147482648], [GatewayFilterAdapter{delegate=org.springframework.cloud.gateway.filter.NettyWriteResponseFilter@2d22d3b1}, order = -1], [GatewayFilterAdapter{delegate=org.springframework.cloud.gateway.filter.ForwardPathFilter@79cb8ffa}, order = 0], [[SpringCloudCircuitBreakerResilience4JFilterFactory name = 'name=userCircuitBreaker', fallback = [null]], order = 1], [[Retry routeId = 'user-service', retries = 3, series = list[SERVER_ERROR], statuses = list[[empty]], methods = list[GET], exceptions = list[IOException, TimeoutException], backoff = [null], jitter = [null], timeout = [null]], order = 2], [GatewayFilterAdapter{delegate=org.springframework.cloud.gateway.filter.RouteToRequestUrlFilter@9690008}, order = 10000], [GatewayFilterAdapter{delegate=org.springframework.cloud.gateway.filter.ReactiveLoadBalancerClientFilter@7cd5fcf4}, order = 10150], [GatewayFilterAdapter{delegate=org.springframework.cloud.gateway.filter.LoadBalancerServiceInstanceCookieFilter@19cdc217}, order = 10151], [GatewayFilterAdapter{delegate=org.springframework.cloud.gateway.filter.WebsocketRoutingFilter@1a2e563e}, order = 2147483646], [GatewayFilterAdapter{delegate=org.springframework.cloud.gateway.filter.NettyRoutingFilter@5f5297e3}, order = 2147483647], [GatewayFilterAdapter{delegate=org.springframework.cloud.gateway.filter.ForwardRoutingFilter@42cf6349}, order = 2147483647]]
2025-08-09T22:57:34.451+04:00 ERROR 11540 --- [gateway-service] [reactor-http-nio-2] o.s.w.s.adapter.HttpWebHandlerAdapter    : [94b0ddf4-8] 500 Server Error for HTTP GET "/api/users"

io.netty.channel.AbstractChannel$AnnotatedConnectException: Connection refused: no further information: localhost/127.0.0.1:8080
	Suppressed: reactor.core.publisher.FluxOnAssembly$OnAssemblyException: 
Error has been observed at the following site(s):
	*__checkpoint ⇢ org.springframework.cloud.gateway.filter.WeightCalculatorWebFilter [DefaultWebFilterChain]
	*__checkpoint ⇢ HTTP GET "/api/users" [ExceptionHandlingWebHandler]
Original Stack Trace:
Caused by: java.net.ConnectException: Connection refused: no further information
	at java.base/sun.nio.ch.Net.pollConnect(Native Method) ~[na:na]
	at java.base/sun.nio.ch.Net.pollConnectNow(Net.java:672) ~[na:na]
	at java.base/sun.nio.ch.SocketChannelImpl.finishConnect(SocketChannelImpl.java:946) ~[na:na]
	at io.netty.channel.socket.nio.NioSocketChannel.doFinishConnect(NioSocketChannel.java:336) ~[netty-transport-4.1.122.Final.jar:4.1.122.Final]
	at io.netty.channel.nio.AbstractNioChannel$AbstractNioUnsafe.finishConnect(AbstractNioChannel.java:339) ~[netty-transport-4.1.122.Final.jar:4.1.122.Final]
	at io.netty.channel.nio.NioEventLoop.processSelectedKey(NioEventLoop.java:784) ~[netty-transport-4.1.122.Final.jar:4.1.122.Final]
	at io.netty.channel.nio.NioEventLoop.processSelectedKeysOptimized(NioEventLoop.java:732) ~[netty-transport-4.1.122.Final.jar:4.1.122.Final]
	at io.netty.channel.nio.NioEventLoop.processSelectedKeys(NioEventLoop.java:658) ~[netty-transport-4.1.122.Final.jar:4.1.122.Final]
	at io.netty.channel.nio.NioEventLoop.run(NioEventLoop.java:562) ~[netty-transport-4.1.122.Final.jar:4.1.122.Final]
	at io.netty.util.concurrent.SingleThreadEventExecutor$4.run(SingleThreadEventExecutor.java:998) ~[netty-common-4.1.122.Final.jar:4.1.122.Final]
	at io.netty.util.internal.ThreadExecutorMap$2.run(ThreadExecutorMap.java:74) ~[netty-common-4.1.122.Final.jar:4.1.122.Final]
	at io.netty.util.concurrent.FastThreadLocalRunnable.run(FastThreadLocalRunnable.java:30) ~[netty-common-4.1.122.Final.jar:4.1.122.Final]
	at java.base/java.lang.Thread.run(Thread.java:842) ~[na:na]

2025-08-09T22:57:38.069+04:00 DEBUG 11540 --- [gateway-service] [DiscoveryClient-CacheRefreshExecutor-%d] o.s.c.g.r.RouteDefinitionRouteLocator    : RouteDefinition user-service applying {_genkey_0=/api/users/**} to Path
2025-08-09T22:57:38.070+04:00 DEBUG 11540 --- [gateway-service] [DiscoveryClient-CacheRefreshExecutor-%d] o.s.c.g.r.RouteDefinitionRouteLocator    : RouteDefinition user-service applying filter {_genkey_0=name=userCircuitBreaker, _genkey_1=fallbackUri=forward:/fallback/users} to CircuitBreaker
2025-08-09T22:57:38.071+04:00 DEBUG 11540 --- [gateway-service] [DiscoveryClient-CacheRefreshExecutor-%d] o.s.c.g.r.RouteDefinitionRouteLocator    : RouteDefinition user-service applying filter {_genkey_0=3} to Retry
2025-08-09T22:57:38.071+04:00 DEBUG 11540 --- [gateway-service] [DiscoveryClient-CacheRefreshExecutor-%d] o.s.c.g.r.RouteDefinitionRouteLocator    : RouteDefinition matched: user-service
2025-08-09T22:57:38.071+04:00 DEBUG 11540 --- [gateway-service] [DiscoveryClient-CacheRefreshExecutor-%d] o.s.c.g.r.RouteDefinitionRouteLocator    : RouteDefinition notification-service applying {_genkey_0=/api/notifications/**} to Path
2025-08-09T22:57:38.072+04:00 DEBUG 11540 --- [gateway-service] [DiscoveryClient-CacheRefreshExecutor-%d] o.s.c.g.r.RouteDefinitionRouteLocator    : RouteDefinition notification-service applying filter {_genkey_0=name=notificationCircuitBreaker, _genkey_1=fallbackUri=forward:/fallback/notifications} to CircuitBreaker
2025-08-09T22:57:38.072+04:00 DEBUG 11540 --- [gateway-service] [DiscoveryClient-CacheRefreshExecutor-%d] o.s.c.g.r.RouteDefinitionRouteLocator    : RouteDefinition matched: notification-service
2025-08-09T22:58:08.092+04:00 DEBUG 11540 --- [gateway-service] [DiscoveryClient-CacheRefreshExecutor-%d] o.s.c.g.r.RouteDefinitionRouteLocator    : RouteDefinition user-service applying {_genkey_0=/api/users/**} to Path
2025-08-09T22:58:08.094+04:00 DEBUG 11540 --- [gateway-service] [DiscoveryClient-CacheRefreshExecutor-%d] o.s.c.g.r.RouteDefinitionRouteLocator    : RouteDefinition user-service applying filter {_genkey_0=name=userCircuitBreaker, _genkey_1=fallbackUri=forward:/fallback/users} to CircuitBreaker
2025-08-09T22:58:08.095+04:00 DEBUG 11540 --- [gateway-service] [DiscoveryClient-CacheRefreshExecutor-%d] o.s.c.g.r.RouteDefinitionRouteLocator    : RouteDefinition user-service applying filter {_genkey_0=3} to Retry
2025-08-09T22:58:08.095+04:00 DEBUG 11540 --- [gateway-service] [DiscoveryClient-CacheRefreshExecutor-%d] o.s.c.g.r.RouteDefinitionRouteLocator    : RouteDefinition matched: user-service
2025-08-09T22:58:08.095+04:00 DEBUG 11540 --- [gateway-service] [DiscoveryClient-CacheRefreshExecutor-%d] o.s.c.g.r.RouteDefinitionRouteLocator    : RouteDefinition notification-service applying {_genkey_0=/api/notifications/**} to Path
2025-08-09T22:58:08.096+04:00 DEBUG 11540 --- [gateway-service] [DiscoveryClient-CacheRefreshExecutor-%d] o.s.c.g.r.RouteDefinitionRouteLocator    : RouteDefinition notification-service applying filter {_genkey_0=name=notificationCircuitBreaker, _genkey_1=fallbackUri=forward:/fallback/notifications} to CircuitBreaker
2025-08-09T22:58:08.096+04:00 DEBUG 11540 --- [gateway-service] [DiscoveryClient-CacheRefreshExecutor-%d] o.s.c.g.r.RouteDefinitionRouteLocator    : RouteDefinition matched: notification-service
2025-08-09T22:58:11.353+04:00  INFO 11540 --- [gateway-service] [SpringApplicationShutdownHook] o.s.c.n.e.s.EurekaServiceRegistry        : Unregistering application GATEWAY-SERVICE with eureka with status DOWN
2025-08-09T22:58:11.353+04:00  INFO 11540 --- [gateway-service] [SpringApplicationShutdownHook] com.netflix.discovery.DiscoveryClient    : Saw local status change event StatusChangeEvent [timestamp=1754765891353, current=DOWN, previous=UP]
2025-08-09T22:58:11.353+04:00  INFO 11540 --- [gateway-service] [DiscoveryClient-InstanceInfoReplicator-%d] com.netflix.discovery.DiscoveryClient    : DiscoveryClient_GATEWAY-SERVICE/DESKTOP-74N4B4L:gateway-service:9090: registering service...
2025-08-09T22:58:11.355+04:00  INFO 11540 --- [gateway-service] [SpringApplicationShutdownHook] o.s.b.w.embedded.netty.GracefulShutdown  : Commencing graceful shutdown. Waiting for active requests to complete
2025-08-09T22:58:11.357+04:00  INFO 11540 --- [gateway-service] [netty-shutdown] o.s.b.w.embedded.netty.GracefulShutdown  : Graceful shutdown complete
2025-08-09T22:58:11.359+04:00  INFO 11540 --- [gateway-service] [DiscoveryClient-InstanceInfoReplicator-%d] com.netflix.discovery.DiscoveryClient    : DiscoveryClient_GATEWAY-SERVICE/DESKTOP-74N4B4L:gateway-service:9090 - registration status: 204
2025-08-09T22:58:13.453+04:00  INFO 11540 --- [gateway-service] [SpringApplicationShutdownHook] com.netflix.discovery.DiscoveryClient    : Shutting down DiscoveryClient ...
2025-08-09T22:58:16.468+04:00  INFO 11540 --- [gateway-service] [SpringApplicationShutdownHook] com.netflix.discovery.DiscoveryClient    : Unregistering ...
2025-08-09T22:58:16.485+04:00  INFO 11540 --- [gateway-service] [SpringApplicationShutdownHook] com.netflix.discovery.DiscoveryClient    : DiscoveryClient_GATEWAY-SERVICE/DESKTOP-74N4B4L:gateway-service:9090 - deregister  status: 200
2025-08-09T22:58:16.485+04:00  INFO 11540 --- [gateway-service] [SpringApplicationShutdownHook] com.netflix.discovery.DiscoveryClient    : Completed shut down of DiscoveryClient
